{"/home/admin/.openclaw/workspace-telecom/memory-migrator/src/lib/ai-summary.ts": {"path":"/home/admin/.openclaw/workspace-telecom/memory-migrator/src/lib/ai-summary.ts","statementMap":{"0":{"start":{"line":78,"column":0},"end":{"line":78,"column":7}},"1":{"start":{"line":178,"column":0},"end":{"line":178,"column":16}},"2":{"start":{"line":188,"column":0},"end":{"line":188,"column":16}},"3":{"start":{"line":23,"column":21},"end":{"line":23,"column":29}},"4":{"start":{"line":24,"column":19},"end":{"line":24,"column":23}},"5":{"start":{"line":30,"column":27},"end":{"line":35,"column":17}},"6":{"start":{"line":32,"column":24},"end":{"line":32,"column":57}},"7":{"start":{"line":33,"column":6},"end":{"line":33,"column":46}},"8":{"start":{"line":37,"column":2},"end":{"line":71,"column":2}},"9":{"start":{"line":81,"column":2},"end":{"line":109,"column":3}},"10":{"start":{"line":83,"column":4},"end":{"line":85,"column":5}},"11":{"start":{"line":84,"column":6},"end":{"line":84,"column":49}},"12":{"start":{"line":88,"column":19},"end":{"line":88,"column":51}},"13":{"start":{"line":98,"column":20},"end":{"line":98,"column":57}},"14":{"start":{"line":100,"column":4},"end":{"line":103,"column":6}},"15":{"start":{"line":105,"column":4},"end":{"line":108,"column":6}},"16":{"start":{"line":118,"column":23},"end":{"line":118,"column":75}},"17":{"start":{"line":118,"column":57},"end":{"line":118,"column":74}},"18":{"start":{"line":119,"column":28},"end":{"line":119,"column":85}},"19":{"start":{"line":119,"column":62},"end":{"line":119,"column":84}},"20":{"start":{"line":122,"column":20},"end":{"line":124,"column":29}},"21":{"start":{"line":123,"column":14},"end":{"line":123,"column":23}},"22":{"start":{"line":126,"column":22},"end":{"line":128,"column":33}},"23":{"start":{"line":127,"column":14},"end":{"line":127,"column":23}},"24":{"start":{"line":131,"column":21},"end":{"line":131,"column":86}},"25":{"start":{"line":131,"column":52},"end":{"line":131,"column":61}},"26":{"start":{"line":132,"column":32},"end":{"line":132,"column":34}},"27":{"start":{"line":134,"column":2},"end":{"line":136,"column":3}},"28":{"start":{"line":135,"column":4},"end":{"line":135,"column":31}},"29":{"start":{"line":137,"column":2},"end":{"line":139,"column":3}},"30":{"start":{"line":138,"column":4},"end":{"line":138,"column":31}},"31":{"start":{"line":140,"column":2},"end":{"line":142,"column":3}},"32":{"start":{"line":141,"column":4},"end":{"line":141,"column":31}},"33":{"start":{"line":144,"column":26},"end":{"line":146,"column":16}},"34":{"start":{"line":149,"column":23},"end":{"line":152,"column":30}},"35":{"start":{"line":150,"column":17},"end":{"line":150,"column":76}},"36":{"start":{"line":151,"column":14},"end":{"line":151,"column":23}},"37":{"start":{"line":155,"column":25},"end":{"line":158,"column":null}},"38":{"start":{"line":156,"column":4},"end":{"line":158,"column":47}},"39":{"start":{"line":161,"column":22},"end":{"line":163,"column":19}},"40":{"start":{"line":165,"column":2},"end":{"line":171,"column":4}},"41":{"start":{"line":179,"column":23},"end":{"line":179,"column":82}},"42":{"start":{"line":179,"column":57},"end":{"line":179,"column":74}},"43":{"start":{"line":180,"column":28},"end":{"line":180,"column":92}},"44":{"start":{"line":180,"column":62},"end":{"line":180,"column":84}},"45":{"start":{"line":182,"column":2},"end":{"line":182,"column":65}},"46":{"start":{"line":189,"column":21},"end":{"line":189,"column":88}},"47":{"start":{"line":189,"column":62},"end":{"line":189,"column":84}},"48":{"start":{"line":191,"column":2},"end":{"line":191,"column":35}}},"fnMap":{"0":{"name":"buildSummaryPrompt","decl":{"start":{"line":29,"column":9},"end":{"line":29,"column":27}},"loc":{"start":{"line":29,"column":61},"end":{"line":72,"column":1}}},"1":{"name":"(anonymous_1)","decl":{"start":{"line":31,"column":9},"end":{"line":31,"column":12}},"loc":{"start":{"line":31,"column":15},"end":{"line":34,"column":5}}},"2":{"name":"generateSummary","decl":{"start":{"line":78,"column":22},"end":{"line":78,"column":37}},"loc":{"start":{"line":79,"column":35},"end":{"line":110,"column":1}}},"3":{"name":"simulateAISummary","decl":{"start":{"line":116,"column":15},"end":{"line":116,"column":32}},"loc":{"start":{"line":116,"column":66},"end":{"line":172,"column":1}}},"4":{"name":"(anonymous_4)","decl":{"start":{"line":118,"column":52},"end":{"line":118,"column":53}},"loc":{"start":{"line":118,"column":57},"end":{"line":118,"column":74}}},"5":{"name":"(anonymous_5)","decl":{"start":{"line":119,"column":57},"end":{"line":119,"column":58}},"loc":{"start":{"line":119,"column":62},"end":{"line":119,"column":84}}},"6":{"name":"(anonymous_6)","decl":{"start":{"line":123,"column":9},"end":{"line":123,"column":10}},"loc":{"start":{"line":123,"column":14},"end":{"line":123,"column":23}}},"7":{"name":"(anonymous_7)","decl":{"start":{"line":127,"column":9},"end":{"line":127,"column":10}},"loc":{"start":{"line":127,"column":14},"end":{"line":127,"column":23}}},"8":{"name":"(anonymous_8)","decl":{"start":{"line":131,"column":47},"end":{"line":131,"column":48}},"loc":{"start":{"line":131,"column":52},"end":{"line":131,"column":61}}},"9":{"name":"(anonymous_9)","decl":{"start":{"line":150,"column":12},"end":{"line":150,"column":13}},"loc":{"start":{"line":150,"column":17},"end":{"line":150,"column":76}}},"10":{"name":"(anonymous_10)","decl":{"start":{"line":151,"column":9},"end":{"line":151,"column":10}},"loc":{"start":{"line":151,"column":14},"end":{"line":151,"column":23}}},"11":{"name":"(anonymous_11)","decl":{"start":{"line":155,"column":43},"end":{"line":155,"column":44}},"loc":{"start":{"line":156,"column":4},"end":{"line":158,"column":47}}},"12":{"name":"quickSummary","decl":{"start":{"line":178,"column":16},"end":{"line":178,"column":28}},"loc":{"start":{"line":178,"column":62},"end":{"line":183,"column":1}}},"13":{"name":"(anonymous_13)","decl":{"start":{"line":179,"column":52},"end":{"line":179,"column":53}},"loc":{"start":{"line":179,"column":57},"end":{"line":179,"column":74}}},"14":{"name":"(anonymous_14)","decl":{"start":{"line":180,"column":57},"end":{"line":180,"column":58}},"loc":{"start":{"line":180,"column":62},"end":{"line":180,"column":84}}},"15":{"name":"estimateTokens","decl":{"start":{"line":188,"column":16},"end":{"line":188,"column":30}},"loc":{"start":{"line":188,"column":64},"end":{"line":192,"column":1}}},"16":{"name":"(anonymous_16)","decl":{"start":{"line":189,"column":50},"end":{"line":189,"column":51}},"loc":{"start":{"line":189,"column":62},"end":{"line":189,"column":84}}}},"branchMap":{"0":{"loc":{"start":{"line":32,"column":24},"end":{"line":32,"column":57}},"type":"cond-expr","locations":[{"start":{"line":32,"column":46},"end":{"line":32,"column":50}},{"start":{"line":32,"column":53},"end":{"line":32,"column":57}}]},"1":{"loc":{"start":{"line":83,"column":4},"end":{"line":85,"column":5}},"type":"if","locations":[{"start":{"line":83,"column":4},"end":{"line":85,"column":5}}]},"2":{"loc":{"start":{"line":83,"column":8},"end":{"line":83,"column":85}},"type":"binary-expr","locations":[{"start":{"line":83,"column":8},"end":{"line":83,"column":21}},{"start":{"line":83,"column":25},"end":{"line":83,"column":47}},{"start":{"line":83,"column":51},"end":{"line":83,"column":85}}]},"3":{"loc":{"start":{"line":107,"column":13},"end":{"line":107,"column":62}},"type":"cond-expr","locations":[{"start":{"line":107,"column":38},"end":{"line":107,"column":51}},{"start":{"line":107,"column":54},"end":{"line":107,"column":62}}]},"4":{"loc":{"start":{"line":122,"column":20},"end":{"line":124,"column":29}},"type":"binary-expr","locations":[{"start":{"line":122,"column":20},"end":{"line":124,"column":15}},{"start":{"line":124,"column":19},"end":{"line":124,"column":29}}]},"5":{"loc":{"start":{"line":126,"column":22},"end":{"line":128,"column":33}},"type":"binary-expr","locations":[{"start":{"line":126,"column":22},"end":{"line":128,"column":17}},{"start":{"line":128,"column":21},"end":{"line":128,"column":33}}]},"6":{"loc":{"start":{"line":134,"column":2},"end":{"line":136,"column":3}},"type":"if","locations":[{"start":{"line":134,"column":2},"end":{"line":136,"column":3}}]},"7":{"loc":{"start":{"line":134,"column":6},"end":{"line":134,"column":76}},"type":"binary-expr","locations":[{"start":{"line":134,"column":6},"end":{"line":134,"column":38}},{"start":{"line":134,"column":42},"end":{"line":134,"column":76}}]},"8":{"loc":{"start":{"line":137,"column":2},"end":{"line":139,"column":3}},"type":"if","locations":[{"start":{"line":137,"column":2},"end":{"line":139,"column":3}}]},"9":{"loc":{"start":{"line":137,"column":6},"end":{"line":137,"column":67}},"type":"binary-expr","locations":[{"start":{"line":137,"column":6},"end":{"line":137,"column":35}},{"start":{"line":137,"column":39},"end":{"line":137,"column":67}}]},"10":{"loc":{"start":{"line":140,"column":2},"end":{"line":142,"column":3}},"type":"if","locations":[{"start":{"line":140,"column":2},"end":{"line":142,"column":3}}]},"11":{"loc":{"start":{"line":140,"column":6},"end":{"line":140,"column":66}},"type":"binary-expr","locations":[{"start":{"line":140,"column":6},"end":{"line":140,"column":33}},{"start":{"line":140,"column":37},"end":{"line":140,"column":66}}]},"12":{"loc":{"start":{"line":144,"column":26},"end":{"line":146,"column":16}},"type":"cond-expr","locations":[{"start":{"line":145,"column":6},"end":{"line":145,"column":28}},{"start":{"line":146,"column":6},"end":{"line":146,"column":16}}]},"13":{"loc":{"start":{"line":149,"column":23},"end":{"line":152,"column":30}},"type":"binary-expr","locations":[{"start":{"line":149,"column":23},"end":{"line":152,"column":15}},{"start":{"line":152,"column":19},"end":{"line":152,"column":30}}]},"14":{"loc":{"start":{"line":150,"column":17},"end":{"line":150,"column":76}},"type":"binary-expr","locations":[{"start":{"line":150,"column":17},"end":{"line":150,"column":42}},{"start":{"line":150,"column":46},"end":{"line":150,"column":76}}]},"15":{"loc":{"start":{"line":156,"column":4},"end":{"line":158,"column":47}},"type":"binary-expr","locations":[{"start":{"line":156,"column":4},"end":{"line":156,"column":44}},{"start":{"line":157,"column":4},"end":{"line":157,"column":44}},{"start":{"line":158,"column":4},"end":{"line":158,"column":47}}]},"16":{"loc":{"start":{"line":161,"column":22},"end":{"line":163,"column":19}},"type":"cond-expr","locations":[{"start":{"line":162,"column":6},"end":{"line":162,"column":25}},{"start":{"line":163,"column":6},"end":{"line":163,"column":19}}]}},"s":{"0":0,"1":0,"2":0,"3":0,"4":0,"5":0,"6":0,"7":0,"8":0,"9":0,"10":0,"11":0,"12":0,"13":0,"14":0,"15":0,"16":0,"17":0,"18":0,"19":0,"20":0,"21":0,"22":0,"23":0,"24":0,"25":0,"26":0,"27":0,"28":0,"29":0,"30":0,"31":0,"32":0,"33":0,"34":0,"35":0,"36":0,"37":0,"38":0,"39":0,"40":0,"41":0,"42":0,"43":0,"44":0,"45":0,"46":0,"47":0,"48":0},"f":{"0":0,"1":0,"2":0,"3":0,"4":0,"5":0,"6":0,"7":0,"8":0,"9":0,"10":0,"11":0,"12":0,"13":0,"14":0,"15":0,"16":0},"b":{"0":[0,0],"1":[0],"2":[0,0,0],"3":[0,0],"4":[0,0],"5":[0,0],"6":[0],"7":[0,0],"8":[0],"9":[0,0],"10":[0],"11":[0,0],"12":[0,0],"13":[0,0],"14":[0,0],"15":[0,0,0],"16":[0,0]}}
,"/home/admin/.openclaw/workspace-telecom/memory-migrator/src/lib/chatgpt-parser.ts": {"path":"/home/admin/.openclaw/workspace-telecom/memory-migrator/src/lib/chatgpt-parser.ts","statementMap":{"0":{"start":{"line":40,"column":0},"end":{"line":40,"column":16}},"1":{"start":{"line":107,"column":0},"end":{"line":107,"column":16}},"2":{"start":{"line":120,"column":0},"end":{"line":120,"column":16}},"3":{"start":{"line":127,"column":0},"end":{"line":127,"column":16}},"4":{"start":{"line":31,"column":2},"end":{"line":33,"column":3}},"5":{"start":{"line":32,"column":4},"end":{"line":32,"column":14}},"6":{"start":{"line":34,"column":2},"end":{"line":34,"column":24}},"7":{"start":{"line":41,"column":2},"end":{"line":101,"column":3}},"8":{"start":{"line":42,"column":4},"end":{"line":44,"column":5}},"9":{"start":{"line":43,"column":6},"end":{"line":43,"column":61}},"10":{"start":{"line":46,"column":4},"end":{"line":48,"column":5}},"11":{"start":{"line":47,"column":6},"end":{"line":47,"column":64}},"12":{"start":{"line":50,"column":18},"end":{"line":50,"column":58}},"13":{"start":{"line":51,"column":23},"end":{"line":51,"column":75}},"14":{"start":{"line":52,"column":23},"end":{"line":52,"column":56}},"15":{"start":{"line":53,"column":27},"end":{"line":53,"column":61}},"16":{"start":{"line":55,"column":39},"end":{"line":55,"column":41}},"17":{"start":{"line":56,"column":20},"end":{"line":56,"column":35}},"18":{"start":{"line":58,"column":4},"end":{"line":82,"column":5}},"19":{"start":{"line":59,"column":18},"end":{"line":59,"column":32}},"20":{"start":{"line":60,"column":6},"end":{"line":62,"column":7}},"21":{"start":{"line":61,"column":8},"end":{"line":61,"column":17}},"22":{"start":{"line":64,"column":19},"end":{"line":64,"column":35}},"23":{"start":{"line":65,"column":6},"end":{"line":67,"column":7}},"24":{"start":{"line":66,"column":8},"end":{"line":66,"column":17}},"25":{"start":{"line":69,"column":22},"end":{"line":69,"column":64}},"26":{"start":{"line":70,"column":24},"end":{"line":70,"column":52}},"27":{"start":{"line":72,"column":6},"end":{"line":74,"column":7}},"28":{"start":{"line":73,"column":8},"end":{"line":73,"column":17}},"29":{"start":{"line":76,"column":6},"end":{"line":81,"column":9}},"30":{"start":{"line":84,"column":4},"end":{"line":84,"column":55}},"31":{"start":{"line":84,"column":28},"end":{"line":84,"column":53}},"32":{"start":{"line":86,"column":4},"end":{"line":95,"column":6}},"33":{"start":{"line":97,"column":4},"end":{"line":100,"column":6}},"34":{"start":{"line":108,"column":2},"end":{"line":110,"column":3}},"35":{"start":{"line":109,"column":4},"end":{"line":109,"column":17}},"36":{"start":{"line":111,"column":2},"end":{"line":114,"column":4}},"37":{"start":{"line":121,"column":2},"end":{"line":121,"column":48}},"38":{"start":{"line":128,"column":2},"end":{"line":130,"column":3}},"39":{"start":{"line":129,"column":4},"end":{"line":129,"column":47}},"40":{"start":{"line":132,"column":13},"end":{"line":132,"column":14}},"41":{"start":{"line":133,"column":18},"end":{"line":133,"column":19}},"42":{"start":{"line":135,"column":2},"end":{"line":138,"column":3}},"43":{"start":{"line":136,"column":4},"end":{"line":137,"column":60}},"44":{"start":{"line":136,"column":38},"end":{"line":136,"column":45}},"45":{"start":{"line":137,"column":9},"end":{"line":137,"column":60}},"46":{"start":{"line":137,"column":48},"end":{"line":137,"column":60}},"47":{"start":{"line":140,"column":2},"end":{"line":140,"column":54}}},"fnMap":{"0":{"name":"extractContent","decl":{"start":{"line":30,"column":9},"end":{"line":30,"column":23}},"loc":{"start":{"line":30,"column":51},"end":{"line":35,"column":1}}},"1":{"name":"parseChatGPTExport","decl":{"start":{"line":40,"column":16},"end":{"line":40,"column":34}},"loc":{"start":{"line":40,"column":47},"end":{"line":102,"column":1}}},"2":{"name":"(anonymous_2)","decl":{"start":{"line":84,"column":18},"end":{"line":84,"column":19}},"loc":{"start":{"line":84,"column":28},"end":{"line":84,"column":53}}},"3":{"name":"isChatGPTFormat","decl":{"start":{"line":107,"column":16},"end":{"line":107,"column":31}},"loc":{"start":{"line":107,"column":41},"end":{"line":115,"column":1}}},"4":{"name":"extractTitle","decl":{"start":{"line":120,"column":16},"end":{"line":120,"column":28}},"loc":{"start":{"line":120,"column":38},"end":{"line":122,"column":1}}},"5":{"name":"countMessages","decl":{"start":{"line":127,"column":16},"end":{"line":127,"column":29}},"loc":{"start":{"line":127,"column":39},"end":{"line":141,"column":1}}}},"branchMap":{"0":{"loc":{"start":{"line":31,"column":2},"end":{"line":33,"column":3}},"type":"if","locations":[{"start":{"line":31,"column":2},"end":{"line":33,"column":3}}]},"1":{"loc":{"start":{"line":31,"column":6},"end":{"line":31,"column":59}},"type":"binary-expr","locations":[{"start":{"line":31,"column":6},"end":{"line":31,"column":12}},{"start":{"line":31,"column":16},"end":{"line":31,"column":37}},{"start":{"line":31,"column":41},"end":{"line":31,"column":59}}]},"2":{"loc":{"start":{"line":42,"column":4},"end":{"line":44,"column":5}},"type":"if","locations":[{"start":{"line":42,"column":4},"end":{"line":44,"column":5}}]},"3":{"loc":{"start":{"line":42,"column":8},"end":{"line":42,"column":47}},"type":"binary-expr","locations":[{"start":{"line":42,"column":8},"end":{"line":42,"column":16}},{"start":{"line":42,"column":20},"end":{"line":42,"column":47}}]},"4":{"loc":{"start":{"line":46,"column":4},"end":{"line":48,"column":5}},"type":"if","locations":[{"start":{"line":46,"column":4},"end":{"line":48,"column":5}}]},"5":{"loc":{"start":{"line":46,"column":8},"end":{"line":46,"column":63}},"type":"binary-expr","locations":[{"start":{"line":46,"column":8},"end":{"line":46,"column":24}},{"start":{"line":46,"column":28},"end":{"line":46,"column":63}}]},"6":{"loc":{"start":{"line":50,"column":18},"end":{"line":50,"column":58}},"type":"binary-expr","locations":[{"start":{"line":50,"column":18},"end":{"line":50,"column":31}},{"start":{"line":50,"column":35},"end":{"line":50,"column":58}}]},"7":{"loc":{"start":{"line":51,"column":23},"end":{"line":51,"column":75}},"type":"binary-expr","locations":[{"start":{"line":51,"column":23},"end":{"line":51,"column":42}},{"start":{"line":51,"column":46},"end":{"line":51,"column":75}}]},"8":{"loc":{"start":{"line":52,"column":23},"end":{"line":52,"column":56}},"type":"binary-expr","locations":[{"start":{"line":52,"column":23},"end":{"line":52,"column":42}},{"start":{"line":52,"column":46},"end":{"line":52,"column":56}}]},"9":{"loc":{"start":{"line":53,"column":27},"end":{"line":53,"column":61}},"type":"binary-expr","locations":[{"start":{"line":53,"column":27},"end":{"line":53,"column":37}},{"start":{"line":53,"column":41},"end":{"line":53,"column":61}}]},"10":{"loc":{"start":{"line":60,"column":6},"end":{"line":62,"column":7}},"type":"if","locations":[{"start":{"line":60,"column":6},"end":{"line":62,"column":7}}]},"11":{"loc":{"start":{"line":65,"column":6},"end":{"line":67,"column":7}},"type":"if","locations":[{"start":{"line":65,"column":6},"end":{"line":67,"column":7}}]},"12":{"loc":{"start":{"line":65,"column":10},"end":{"line":65,"column":49}},"type":"binary-expr","locations":[{"start":{"line":65,"column":10},"end":{"line":65,"column":25}},{"start":{"line":65,"column":29},"end":{"line":65,"column":49}}]},"13":{"loc":{"start":{"line":70,"column":24},"end":{"line":70,"column":52}},"type":"binary-expr","locations":[{"start":{"line":70,"column":24},"end":{"line":70,"column":47}},{"start":{"line":70,"column":51},"end":{"line":70,"column":52}}]},"14":{"loc":{"start":{"line":72,"column":6},"end":{"line":74,"column":7}},"type":"if","locations":[{"start":{"line":72,"column":6},"end":{"line":74,"column":7}}]},"15":{"loc":{"start":{"line":77,"column":12},"end":{"line":77,"column":27}},"type":"binary-expr","locations":[{"start":{"line":77,"column":12},"end":{"line":77,"column":18}},{"start":{"line":77,"column":22},"end":{"line":77,"column":27}}]},"16":{"loc":{"start":{"line":99,"column":13},"end":{"line":99,"column":68}},"type":"cond-expr","locations":[{"start":{"line":99,"column":38},"end":{"line":99,"column":51}},{"start":{"line":99,"column":54},"end":{"line":99,"column":68}}]},"17":{"loc":{"start":{"line":108,"column":2},"end":{"line":110,"column":3}},"type":"if","locations":[{"start":{"line":108,"column":2},"end":{"line":110,"column":3}}]},"18":{"loc":{"start":{"line":108,"column":6},"end":{"line":108,"column":39}},"type":"binary-expr","locations":[{"start":{"line":108,"column":6},"end":{"line":108,"column":11}},{"start":{"line":108,"column":15},"end":{"line":108,"column":39}}]},"19":{"loc":{"start":{"line":112,"column":4},"end":{"line":113,"column":36}},"type":"binary-expr","locations":[{"start":{"line":112,"column":4},"end":{"line":112,"column":16}},{"start":{"line":113,"column":4},"end":{"line":113,"column":36}}]},"20":{"loc":{"start":{"line":121,"column":9},"end":{"line":121,"column":47}},"type":"binary-expr","locations":[{"start":{"line":121,"column":9},"end":{"line":121,"column":20}},{"start":{"line":121,"column":24},"end":{"line":121,"column":47}}]},"21":{"loc":{"start":{"line":128,"column":2},"end":{"line":130,"column":3}},"type":"if","locations":[{"start":{"line":128,"column":2},"end":{"line":130,"column":3}}]},"22":{"loc":{"start":{"line":136,"column":4},"end":{"line":137,"column":60}},"type":"if","locations":[{"start":{"line":136,"column":4},"end":{"line":137,"column":60}},{"start":{"line":137,"column":9},"end":{"line":137,"column":60}}]},"23":{"loc":{"start":{"line":137,"column":9},"end":{"line":137,"column":60}},"type":"if","locations":[{"start":{"line":137,"column":9},"end":{"line":137,"column":60}}]}},"s":{"0":0,"1":0,"2":0,"3":0,"4":0,"5":0,"6":0,"7":0,"8":0,"9":0,"10":0,"11":0,"12":0,"13":0,"14":0,"15":0,"16":0,"17":0,"18":0,"19":0,"20":0,"21":0,"22":0,"23":0,"24":0,"25":0,"26":0,"27":0,"28":0,"29":0,"30":0,"31":0,"32":0,"33":0,"34":0,"35":0,"36":0,"37":0,"38":0,"39":0,"40":0,"41":0,"42":0,"43":0,"44":0,"45":0,"46":0,"47":0},"f":{"0":0,"1":0,"2":0,"3":0,"4":0,"5":0},"b":{"0":[0],"1":[0,0,0],"2":[0],"3":[0,0],"4":[0],"5":[0,0],"6":[0,0],"7":[0,0],"8":[0,0],"9":[0,0],"10":[0],"11":[0],"12":[0,0],"13":[0,0],"14":[0],"15":[0,0],"16":[0,0],"17":[0],"18":[0,0],"19":[0,0],"20":[0,0],"21":[0],"22":[0,0],"23":[0]}}
,"/home/admin/.openclaw/workspace-telecom/memory-migrator/src/lib/claude-parser.ts": {"path":"/home/admin/.openclaw/workspace-telecom/memory-migrator/src/lib/claude-parser.ts","statementMap":{"0":{"start":{"line":33,"column":0},"end":{"line":33,"column":16}},"1":{"start":{"line":96,"column":0},"end":{"line":96,"column":16}},"2":{"start":{"line":135,"column":0},"end":{"line":135,"column":16}},"3":{"start":{"line":151,"column":0},"end":{"line":151,"column":16}},"4":{"start":{"line":164,"column":0},"end":{"line":164,"column":16}},"5":{"start":{"line":26,"column":31},"end":{"line":26,"column":92}},"6":{"start":{"line":27,"column":30},"end":{"line":27,"column":61}},"7":{"start":{"line":28,"column":28},"end":{"line":28,"column":100}},"8":{"start":{"line":34,"column":2},"end":{"line":90,"column":3}},"9":{"start":{"line":35,"column":4},"end":{"line":37,"column":5}},"10":{"start":{"line":36,"column":6},"end":{"line":36,"column":49}},"11":{"start":{"line":40,"column":18},"end":{"line":40,"column":41}},"12":{"start":{"line":41,"column":16},"end":{"line":41,"column":37}},"13":{"start":{"line":44,"column":23},"end":{"line":44,"column":63}},"14":{"start":{"line":45,"column":4},"end":{"line":47,"column":5}},"15":{"start":{"line":46,"column":6},"end":{"line":46,"column":35}},"16":{"start":{"line":50,"column":38},"end":{"line":50,"column":40}},"17":{"start":{"line":51,"column":16},"end":{"line":51,"column":17}},"18":{"start":{"line":54,"column":25},"end":{"line":54,"column":86}},"19":{"start":{"line":57,"column":4},"end":{"line":71,"column":5}},"20":{"start":{"line":58,"column":19},"end":{"line":58,"column":76}},"21":{"start":{"line":59,"column":22},"end":{"line":59,"column":37}},"22":{"start":{"line":62,"column":6},"end":{"line":64,"column":7}},"23":{"start":{"line":63,"column":8},"end":{"line":63,"column":17}},"24":{"start":{"line":66,"column":6},"end":{"line":70,"column":9}},"25":{"start":{"line":73,"column":4},"end":{"line":75,"column":5}},"26":{"start":{"line":74,"column":6},"end":{"line":74,"column":53}},"27":{"start":{"line":77,"column":4},"end":{"line":84,"column":6}},"28":{"start":{"line":86,"column":4},"end":{"line":89,"column":6}},"29":{"start":{"line":99,"column":2},"end":{"line":129,"column":3}},"30":{"start":{"line":100,"column":4},"end":{"line":102,"column":5}},"31":{"start":{"line":101,"column":6},"end":{"line":101,"column":49}},"32":{"start":{"line":104,"column":44},"end":{"line":110,"column":9}},"33":{"start":{"line":105,"column":21},"end":{"line":105,"column":41}},"34":{"start":{"line":106,"column":28},"end":{"line":110,"column":8}},"35":{"start":{"line":112,"column":4},"end":{"line":114,"column":5}},"36":{"start":{"line":113,"column":6},"end":{"line":113,"column":50}},"37":{"start":{"line":116,"column":4},"end":{"line":123,"column":6}},"38":{"start":{"line":125,"column":4},"end":{"line":128,"column":6}},"39":{"start":{"line":136,"column":2},"end":{"line":138,"column":3}},"40":{"start":{"line":137,"column":4},"end":{"line":137,"column":17}},"41":{"start":{"line":141,"column":28},"end":{"line":141,"column":59}},"42":{"start":{"line":142,"column":24},"end":{"line":142,"column":47}},"43":{"start":{"line":143,"column":25},"end":{"line":143,"column":45}},"44":{"start":{"line":145,"column":2},"end":{"line":145,"column":62}},"45":{"start":{"line":153,"column":16},"end":{"line":153,"column":58}},"46":{"start":{"line":154,"column":2},"end":{"line":156,"column":3}},"47":{"start":{"line":155,"column":4},"end":{"line":155,"column":50}},"48":{"start":{"line":158,"column":2},"end":{"line":158,"column":31}},"49":{"start":{"line":165,"column":2},"end":{"line":167,"column":3}},"50":{"start":{"line":166,"column":4},"end":{"line":166,"column":47}},"51":{"start":{"line":169,"column":22},"end":{"line":169,"column":50}},"52":{"start":{"line":170,"column":27},"end":{"line":170,"column":59}},"53":{"start":{"line":172,"column":2},"end":{"line":176,"column":4}}},"fnMap":{"0":{"name":"parseClaudeText","decl":{"start":{"line":33,"column":16},"end":{"line":33,"column":31}},"loc":{"start":{"line":33,"column":44},"end":{"line":91,"column":1}}},"1":{"name":"parseClaudeArray","decl":{"start":{"line":96,"column":16},"end":{"line":96,"column":32}},"loc":{"start":{"line":97,"column":49},"end":{"line":130,"column":1}}},"2":{"name":"(anonymous_2)","decl":{"start":{"line":105,"column":14},"end":{"line":105,"column":17}},"loc":{"start":{"line":105,"column":21},"end":{"line":105,"column":41}}},"3":{"name":"(anonymous_3)","decl":{"start":{"line":106,"column":11},"end":{"line":106,"column":12}},"loc":{"start":{"line":106,"column":28},"end":{"line":110,"column":8}}},"4":{"name":"isClaudeFormat","decl":{"start":{"line":135,"column":16},"end":{"line":135,"column":30}},"loc":{"start":{"line":135,"column":43},"end":{"line":146,"column":1}}},"5":{"name":"extractClaudeTitle","decl":{"start":{"line":151,"column":16},"end":{"line":151,"column":34}},"loc":{"start":{"line":151,"column":47},"end":{"line":159,"column":1}}},"6":{"name":"countClaudeMessages","decl":{"start":{"line":164,"column":16},"end":{"line":164,"column":35}},"loc":{"start":{"line":164,"column":48},"end":{"line":177,"column":1}}}},"branchMap":{"0":{"loc":{"start":{"line":35,"column":4},"end":{"line":37,"column":5}},"type":"if","locations":[{"start":{"line":35,"column":4},"end":{"line":37,"column":5}}]},"1":{"loc":{"start":{"line":35,"column":8},"end":{"line":35,"column":41}},"type":"binary-expr","locations":[{"start":{"line":35,"column":8},"end":{"line":35,"column":13}},{"start":{"line":35,"column":17},"end":{"line":35,"column":41}}]},"2":{"loc":{"start":{"line":45,"column":4},"end":{"line":47,"column":5}},"type":"if","locations":[{"start":{"line":45,"column":4},"end":{"line":47,"column":5}}]},"3":{"loc":{"start":{"line":58,"column":19},"end":{"line":58,"column":76}},"type":"cond-expr","locations":[{"start":{"line":58,"column":56},"end":{"line":58,"column":62}},{"start":{"line":58,"column":65},"end":{"line":58,"column":76}}]},"4":{"loc":{"start":{"line":62,"column":6},"end":{"line":64,"column":7}},"type":"if","locations":[{"start":{"line":62,"column":6},"end":{"line":64,"column":7}}]},"5":{"loc":{"start":{"line":73,"column":4},"end":{"line":75,"column":5}},"type":"if","locations":[{"start":{"line":73,"column":4},"end":{"line":75,"column":5}}]},"6":{"loc":{"start":{"line":88,"column":13},"end":{"line":88,"column":60}},"type":"cond-expr","locations":[{"start":{"line":88,"column":38},"end":{"line":88,"column":51}},{"start":{"line":88,"column":54},"end":{"line":88,"column":60}}]},"7":{"loc":{"start":{"line":100,"column":4},"end":{"line":102,"column":5}},"type":"if","locations":[{"start":{"line":100,"column":4},"end":{"line":102,"column":5}}]},"8":{"loc":{"start":{"line":100,"column":8},"end":{"line":100,"column":70}},"type":"binary-expr","locations":[{"start":{"line":100,"column":8},"end":{"line":100,"column":17}},{"start":{"line":100,"column":21},"end":{"line":100,"column":45}},{"start":{"line":100,"column":49},"end":{"line":100,"column":70}}]},"9":{"loc":{"start":{"line":105,"column":21},"end":{"line":105,"column":41}},"type":"binary-expr","locations":[{"start":{"line":105,"column":21},"end":{"line":105,"column":29}},{"start":{"line":105,"column":33},"end":{"line":105,"column":41}}]},"10":{"loc":{"start":{"line":108,"column":14},"end":{"line":108,"column":71}},"type":"cond-expr","locations":[{"start":{"line":108,"column":51},"end":{"line":108,"column":57}},{"start":{"line":108,"column":60},"end":{"line":108,"column":71}}]},"11":{"loc":{"start":{"line":112,"column":4},"end":{"line":114,"column":5}},"type":"if","locations":[{"start":{"line":112,"column":4},"end":{"line":114,"column":5}}]},"12":{"loc":{"start":{"line":127,"column":13},"end":{"line":127,"column":60}},"type":"cond-expr","locations":[{"start":{"line":127,"column":38},"end":{"line":127,"column":51}},{"start":{"line":127,"column":54},"end":{"line":127,"column":60}}]},"13":{"loc":{"start":{"line":136,"column":2},"end":{"line":138,"column":3}},"type":"if","locations":[{"start":{"line":136,"column":2},"end":{"line":138,"column":3}}]},"14":{"loc":{"start":{"line":136,"column":6},"end":{"line":136,"column":39}},"type":"binary-expr","locations":[{"start":{"line":136,"column":6},"end":{"line":136,"column":11}},{"start":{"line":136,"column":15},"end":{"line":136,"column":39}}]},"15":{"loc":{"start":{"line":145,"column":9},"end":{"line":145,"column":61}},"type":"binary-expr","locations":[{"start":{"line":145,"column":9},"end":{"line":145,"column":26}},{"start":{"line":145,"column":30},"end":{"line":145,"column":43}},{"start":{"line":145,"column":47},"end":{"line":145,"column":61}}]},"16":{"loc":{"start":{"line":154,"column":2},"end":{"line":156,"column":3}},"type":"if","locations":[{"start":{"line":154,"column":2},"end":{"line":156,"column":3}}]},"17":{"loc":{"start":{"line":165,"column":2},"end":{"line":167,"column":3}},"type":"if","locations":[{"start":{"line":165,"column":2},"end":{"line":167,"column":3}}]},"18":{"loc":{"start":{"line":169,"column":22},"end":{"line":169,"column":50}},"type":"binary-expr","locations":[{"start":{"line":169,"column":22},"end":{"line":169,"column":44}},{"start":{"line":169,"column":48},"end":{"line":169,"column":50}}]},"19":{"loc":{"start":{"line":170,"column":27},"end":{"line":170,"column":59}},"type":"binary-expr","locations":[{"start":{"line":170,"column":27},"end":{"line":170,"column":53}},{"start":{"line":170,"column":57},"end":{"line":170,"column":59}}]}},"s":{"0":0,"1":0,"2":0,"3":0,"4":0,"5":0,"6":0,"7":0,"8":0,"9":0,"10":0,"11":0,"12":0,"13":0,"14":0,"15":0,"16":0,"17":0,"18":0,"19":0,"20":0,"21":0,"22":0,"23":0,"24":0,"25":0,"26":0,"27":0,"28":0,"29":0,"30":0,"31":0,"32":0,"33":0,"34":0,"35":0,"36":0,"37":0,"38":0,"39":0,"40":0,"41":0,"42":0,"43":0,"44":0,"45":0,"46":0,"47":0,"48":0,"49":0,"50":0,"51":0,"52":0,"53":0},"f":{"0":0,"1":0,"2":0,"3":0,"4":0,"5":0,"6":0},"b":{"0":[0],"1":[0,0],"2":[0],"3":[0,0],"4":[0],"5":[0],"6":[0,0],"7":[0],"8":[0,0,0],"9":[0,0],"10":[0,0],"11":[0],"12":[0,0],"13":[0],"14":[0,0],"15":[0,0,0],"16":[0],"17":[0],"18":[0,0],"19":[0,0]}}
,"/home/admin/.openclaw/workspace-telecom/memory-migrator/src/lib/export.ts": {"path":"/home/admin/.openclaw/workspace-telecom/memory-migrator/src/lib/export.ts","statementMap":{"0":{"start":{"line":13,"column":0},"end":{"line":13,"column":16}},"1":{"start":{"line":38,"column":0},"end":{"line":38,"column":16}},"2":{"start":{"line":50,"column":0},"end":{"line":50,"column":16}},"3":{"start":{"line":103,"column":0},"end":{"line":103,"column":16}},"4":{"start":{"line":124,"column":0},"end":{"line":124,"column":16}},"5":{"start":{"line":134,"column":0},"end":{"line":134,"column":16}},"6":{"start":{"line":151,"column":0},"end":{"line":151,"column":7}},"7":{"start":{"line":175,"column":0},"end":{"line":175,"column":16}},"8":{"start":{"line":8,"column":0},"end":{"line":8,"column":52}},"9":{"start":{"line":18,"column":18},"end":{"line":18,"column":55}},"10":{"start":{"line":21,"column":20},"end":{"line":21,"column":75}},"11":{"start":{"line":22,"column":20},"end":{"line":25,"column":26}},"12":{"start":{"line":27,"column":24},"end":{"line":27,"column":74}},"13":{"start":{"line":29,"column":2},"end":{"line":32,"column":4}},"14":{"start":{"line":42,"column":2},"end":{"line":44,"column":37}},"15":{"start":{"line":55,"column":16},"end":{"line":63,"column":4}},"16":{"start":{"line":65,"column":2},"end":{"line":65,"column":40}},"17":{"start":{"line":72,"column":2},"end":{"line":76,"column":18}},"18":{"start":{"line":83,"column":29},"end":{"line":83,"column":31}},"19":{"start":{"line":85,"column":2},"end":{"line":87,"column":3}},"20":{"start":{"line":86,"column":4},"end":{"line":86,"column":51}},"21":{"start":{"line":89,"column":2},"end":{"line":91,"column":3}},"22":{"start":{"line":90,"column":4},"end":{"line":90,"column":54}},"23":{"start":{"line":93,"column":2},"end":{"line":95,"column":3}},"24":{"start":{"line":94,"column":4},"end":{"line":94,"column":57}},"25":{"start":{"line":97,"column":2},"end":{"line":97,"column":31}},"26":{"start":{"line":108,"column":18},"end":{"line":108,"column":58}},"27":{"start":{"line":110,"column":20},"end":{"line":110,"column":75}},"28":{"start":{"line":111,"column":20},"end":{"line":111,"column":57}},"29":{"start":{"line":113,"column":24},"end":{"line":113,"column":75}},"30":{"start":{"line":115,"column":2},"end":{"line":118,"column":4}},"31":{"start":{"line":128,"column":2},"end":{"line":128,"column":49}},"32":{"start":{"line":138,"column":14},"end":{"line":138,"column":39}},"33":{"start":{"line":139,"column":15},"end":{"line":139,"column":42}},"34":{"start":{"line":140,"column":2},"end":{"line":140,"column":18}},"35":{"start":{"line":141,"column":2},"end":{"line":141,"column":27}},"36":{"start":{"line":142,"column":2},"end":{"line":142,"column":34}},"37":{"start":{"line":143,"column":2},"end":{"line":143,"column":15}},"38":{"start":{"line":144,"column":2},"end":{"line":144,"column":34}},"39":{"start":{"line":145,"column":2},"end":{"line":145,"column":27}},"40":{"start":{"line":152,"column":2},"end":{"line":169,"column":3}},"41":{"start":{"line":153,"column":4},"end":{"line":156,"column":5}},"42":{"start":{"line":154,"column":6},"end":{"line":154,"column":48}},"43":{"start":{"line":155,"column":6},"end":{"line":155,"column":18}},"44":{"start":{"line":158,"column":21},"end":{"line":158,"column":55}},"45":{"start":{"line":159,"column":4},"end":{"line":159,"column":26}},"46":{"start":{"line":160,"column":4},"end":{"line":160,"column":38}},"47":{"start":{"line":161,"column":4},"end":{"line":161,"column":38}},"48":{"start":{"line":162,"column":4},"end":{"line":162,"column":40}},"49":{"start":{"line":163,"column":4},"end":{"line":163,"column":22}},"50":{"start":{"line":164,"column":4},"end":{"line":164,"column":33}},"51":{"start":{"line":165,"column":4},"end":{"line":165,"column":40}},"52":{"start":{"line":166,"column":4},"end":{"line":166,"column":16}},"53":{"start":{"line":168,"column":4},"end":{"line":168,"column":17}},"54":{"start":{"line":182,"column":2},"end":{"line":185,"column":4}}},"fnMap":{"0":{"name":"exportAsMarkdown","decl":{"start":{"line":13,"column":16},"end":{"line":13,"column":32}},"loc":{"start":{"line":16,"column":19},"end":{"line":33,"column":1}}},"1":{"name":"exportAsText","decl":{"start":{"line":38,"column":16},"end":{"line":38,"column":28}},"loc":{"start":{"line":40,"column":35},"end":{"line":45,"column":1}}},"2":{"name":"generateSkillJSON","decl":{"start":{"line":50,"column":16},"end":{"line":50,"column":33}},"loc":{"start":{"line":53,"column":21},"end":{"line":66,"column":1}}},"3":{"name":"generateSkillName","decl":{"start":{"line":71,"column":9},"end":{"line":71,"column":26}},"loc":{"start":{"line":71,"column":40},"end":{"line":77,"column":1}}},"4":{"name":"generateSkillInstructions","decl":{"start":{"line":82,"column":9},"end":{"line":82,"column":34}},"loc":{"start":{"line":82,"column":63},"end":{"line":98,"column":1}}},"5":{"name":"exportSkill","decl":{"start":{"line":103,"column":16},"end":{"line":103,"column":27}},"loc":{"start":{"line":106,"column":19},"end":{"line":119,"column":1}}},"6":{"name":"createDownloadBlob","decl":{"start":{"line":124,"column":16},"end":{"line":124,"column":34}},"loc":{"start":{"line":126,"column":18},"end":{"line":129,"column":1}}},"7":{"name":"triggerDownload","decl":{"start":{"line":134,"column":16},"end":{"line":134,"column":31}},"loc":{"start":{"line":136,"column":18},"end":{"line":146,"column":1}}},"8":{"name":"copyToClipboard","decl":{"start":{"line":151,"column":22},"end":{"line":151,"column":37}},"loc":{"start":{"line":151,"column":50},"end":{"line":170,"column":1}}},"9":{"name":"exportAll","decl":{"start":{"line":175,"column":16},"end":{"line":175,"column":25}},"loc":{"start":{"line":177,"column":35},"end":{"line":186,"column":1}}}},"branchMap":{"0":{"loc":{"start":{"line":22,"column":21},"end":{"line":22,"column":51}},"type":"binary-expr","locations":[{"start":{"line":22,"column":21},"end":{"line":22,"column":39}},{"start":{"line":22,"column":43},"end":{"line":22,"column":51}}]},"1":{"loc":{"start":{"line":27,"column":24},"end":{"line":27,"column":74}},"type":"binary-expr","locations":[{"start":{"line":27,"column":24},"end":{"line":27,"column":32}},{"start":{"line":27,"column":36},"end":{"line":27,"column":74}}]},"2":{"loc":{"start":{"line":56,"column":10},"end":{"line":56,"column":61}},"type":"binary-expr","locations":[{"start":{"line":56,"column":10},"end":{"line":56,"column":20}},{"start":{"line":56,"column":24},"end":{"line":56,"column":61}}]},"3":{"loc":{"start":{"line":85,"column":2},"end":{"line":87,"column":3}},"type":"if","locations":[{"start":{"line":85,"column":2},"end":{"line":87,"column":3}}]},"4":{"loc":{"start":{"line":89,"column":2},"end":{"line":91,"column":3}},"type":"if","locations":[{"start":{"line":89,"column":2},"end":{"line":91,"column":3}}]},"5":{"loc":{"start":{"line":93,"column":2},"end":{"line":95,"column":3}},"type":"if","locations":[{"start":{"line":93,"column":2},"end":{"line":95,"column":3}}]},"6":{"loc":{"start":{"line":113,"column":24},"end":{"line":113,"column":75}},"type":"binary-expr","locations":[{"start":{"line":113,"column":24},"end":{"line":113,"column":32}},{"start":{"line":113,"column":36},"end":{"line":113,"column":75}}]},"7":{"loc":{"start":{"line":153,"column":4},"end":{"line":156,"column":5}},"type":"if","locations":[{"start":{"line":153,"column":4},"end":{"line":156,"column":5}}]}},"s":{"0":0,"1":0,"2":0,"3":0,"4":0,"5":0,"6":0,"7":0,"8":0,"9":0,"10":0,"11":0,"12":0,"13":0,"14":0,"15":0,"16":0,"17":0,"18":0,"19":0,"20":0,"21":0,"22":0,"23":0,"24":0,"25":0,"26":0,"27":0,"28":0,"29":0,"30":0,"31":0,"32":0,"33":0,"34":0,"35":0,"36":0,"37":0,"38":0,"39":0,"40":0,"41":0,"42":0,"43":0,"44":0,"45":0,"46":0,"47":0,"48":0,"49":0,"50":0,"51":0,"52":0,"53":0,"54":0},"f":{"0":0,"1":0,"2":0,"3":0,"4":0,"5":0,"6":0,"7":0,"8":0,"9":0},"b":{"0":[0,0],"1":[0,0],"2":[0,0],"3":[0],"4":[0],"5":[0],"6":[0,0],"7":[0]}}
,"/home/admin/.openclaw/workspace-telecom/memory-migrator/src/lib/file-validation.ts": {"path":"/home/admin/.openclaw/workspace-telecom/memory-migrator/src/lib/file-validation.ts","statementMap":{"0":{"start":{"line":25,"column":0},"end":{"line":25,"column":16}},"1":{"start":{"line":45,"column":0},"end":{"line":45,"column":16}},"2":{"start":{"line":63,"column":0},"end":{"line":63,"column":16}},"3":{"start":{"line":84,"column":0},"end":{"line":84,"column":16}},"4":{"start":{"line":109,"column":0},"end":{"line":109,"column":16}},"5":{"start":{"line":18,"column":22},"end":{"line":18,"column":38}},"6":{"start":{"line":19,"column":27},"end":{"line":19,"column":36}},"7":{"start":{"line":20,"column":27},"end":{"line":20,"column":75}},"8":{"start":{"line":26,"column":2},"end":{"line":28,"column":3}},"9":{"start":{"line":27,"column":4},"end":{"line":27,"column":46}},"10":{"start":{"line":30,"column":20},"end":{"line":30,"column":75}},"11":{"start":{"line":32,"column":2},"end":{"line":37,"column":3}},"12":{"start":{"line":33,"column":4},"end":{"line":36,"column":6}},"13":{"start":{"line":39,"column":2},"end":{"line":39,"column":25}},"14":{"start":{"line":46,"column":2},"end":{"line":48,"column":3}},"15":{"start":{"line":47,"column":4},"end":{"line":47,"column":45}},"16":{"start":{"line":50,"column":2},"end":{"line":55,"column":3}},"17":{"start":{"line":51,"column":4},"end":{"line":54,"column":6}},"18":{"start":{"line":57,"column":2},"end":{"line":57,"column":25}},"19":{"start":{"line":64,"column":2},"end":{"line":66,"column":3}},"20":{"start":{"line":65,"column":4},"end":{"line":65,"column":47}},"21":{"start":{"line":69,"column":25},"end":{"line":69,"column":47}},"22":{"start":{"line":71,"column":2},"end":{"line":76,"column":3}},"23":{"start":{"line":72,"column":4},"end":{"line":75,"column":6}},"24":{"start":{"line":78,"column":2},"end":{"line":78,"column":25}},"25":{"start":{"line":86,"column":26},"end":{"line":86,"column":62}},"26":{"start":{"line":87,"column":2},"end":{"line":89,"column":3}},"27":{"start":{"line":88,"column":4},"end":{"line":88,"column":27}},"28":{"start":{"line":92,"column":21},"end":{"line":92,"column":52}},"29":{"start":{"line":93,"column":2},"end":{"line":95,"column":3}},"30":{"start":{"line":94,"column":4},"end":{"line":94,"column":22}},"31":{"start":{"line":98,"column":21},"end":{"line":98,"column":56}},"32":{"start":{"line":99,"column":2},"end":{"line":101,"column":3}},"33":{"start":{"line":100,"column":4},"end":{"line":100,"column":22}},"34":{"start":{"line":103,"column":2},"end":{"line":103,"column":25}},"35":{"start":{"line":110,"column":2},"end":{"line":114,"column":4}}},"fnMap":{"0":{"name":"validateFileExtension","decl":{"start":{"line":25,"column":16},"end":{"line":25,"column":37}},"loc":{"start":{"line":25,"column":54},"end":{"line":40,"column":1}}},"1":{"name":"validateFileSize","decl":{"start":{"line":45,"column":16},"end":{"line":45,"column":32}},"loc":{"start":{"line":45,"column":45},"end":{"line":58,"column":1}}},"2":{"name":"validateFileMimeType","decl":{"start":{"line":63,"column":16},"end":{"line":63,"column":36}},"loc":{"start":{"line":63,"column":53},"end":{"line":79,"column":1}}},"3":{"name":"validateFile","decl":{"start":{"line":84,"column":16},"end":{"line":84,"column":28}},"loc":{"start":{"line":84,"column":51},"end":{"line":104,"column":1}}},"4":{"name":"getFileMetadata","decl":{"start":{"line":109,"column":16},"end":{"line":109,"column":31}},"loc":{"start":{"line":109,"column":84},"end":{"line":115,"column":1}}}},"branchMap":{"0":{"loc":{"start":{"line":26,"column":2},"end":{"line":28,"column":3}},"type":"if","locations":[{"start":{"line":26,"column":2},"end":{"line":28,"column":3}}]},"1":{"loc":{"start":{"line":26,"column":6},"end":{"line":26,"column":47}},"type":"binary-expr","locations":[{"start":{"line":26,"column":6},"end":{"line":26,"column":15}},{"start":{"line":26,"column":19},"end":{"line":26,"column":47}}]},"2":{"loc":{"start":{"line":32,"column":2},"end":{"line":37,"column":3}},"type":"if","locations":[{"start":{"line":32,"column":2},"end":{"line":37,"column":3}}]},"3":{"loc":{"start":{"line":46,"column":2},"end":{"line":48,"column":3}},"type":"if","locations":[{"start":{"line":46,"column":2},"end":{"line":48,"column":3}}]},"4":{"loc":{"start":{"line":46,"column":6},"end":{"line":46,"column":43}},"type":"binary-expr","locations":[{"start":{"line":46,"column":6},"end":{"line":46,"column":30}},{"start":{"line":46,"column":34},"end":{"line":46,"column":43}}]},"5":{"loc":{"start":{"line":50,"column":2},"end":{"line":55,"column":3}},"type":"if","locations":[{"start":{"line":50,"column":2},"end":{"line":55,"column":3}}]},"6":{"loc":{"start":{"line":64,"column":2},"end":{"line":66,"column":3}},"type":"if","locations":[{"start":{"line":64,"column":2},"end":{"line":66,"column":3}}]},"7":{"loc":{"start":{"line":64,"column":6},"end":{"line":64,"column":47}},"type":"binary-expr","locations":[{"start":{"line":64,"column":6},"end":{"line":64,"column":15}},{"start":{"line":64,"column":19},"end":{"line":64,"column":47}}]},"8":{"loc":{"start":{"line":71,"column":2},"end":{"line":76,"column":3}},"type":"if","locations":[{"start":{"line":71,"column":2},"end":{"line":76,"column":3}}]},"9":{"loc":{"start":{"line":87,"column":2},"end":{"line":89,"column":3}},"type":"if","locations":[{"start":{"line":87,"column":2},"end":{"line":89,"column":3}}]},"10":{"loc":{"start":{"line":93,"column":2},"end":{"line":95,"column":3}},"type":"if","locations":[{"start":{"line":93,"column":2},"end":{"line":95,"column":3}}]},"11":{"loc":{"start":{"line":99,"column":2},"end":{"line":101,"column":3}},"type":"if","locations":[{"start":{"line":99,"column":2},"end":{"line":101,"column":3}}]},"12":{"loc":{"start":{"line":112,"column":10},"end":{"line":112,"column":24}},"type":"binary-expr","locations":[{"start":{"line":112,"column":10},"end":{"line":112,"column":19}},{"start":{"line":112,"column":23},"end":{"line":112,"column":24}}]},"13":{"loc":{"start":{"line":113,"column":10},"end":{"line":113,"column":49}},"type":"binary-expr","locations":[{"start":{"line":113,"column":10},"end":{"line":113,"column":19}},{"start":{"line":113,"column":23},"end":{"line":113,"column":49}}]}},"s":{"0":0,"1":0,"2":0,"3":0,"4":0,"5":0,"6":0,"7":0,"8":0,"9":0,"10":0,"11":0,"12":0,"13":0,"14":0,"15":0,"16":0,"17":0,"18":0,"19":0,"20":0,"21":0,"22":0,"23":0,"24":0,"25":0,"26":0,"27":0,"28":0,"29":0,"30":0,"31":0,"32":0,"33":0,"34":0,"35":0},"f":{"0":0,"1":0,"2":0,"3":0,"4":0},"b":{"0":[0],"1":[0,0],"2":[0],"3":[0],"4":[0,0],"5":[0],"6":[0],"7":[0,0],"8":[0],"9":[0],"10":[0],"11":[0],"12":[0,0],"13":[0,0]}}
,"/home/admin/.openclaw/workspace-telecom/memory-migrator/src/lib/payment.ts": {"path":"/home/admin/.openclaw/workspace-telecom/memory-migrator/src/lib/payment.ts","statementMap":{"0":{"start":{"line":37,"column":0},"end":{"line":37,"column":16}},"1":{"start":{"line":45,"column":0},"end":{"line":45,"column":16}},"2":{"start":{"line":53,"column":0},"end":{"line":53,"column":7}},"3":{"start":{"line":88,"column":0},"end":{"line":88,"column":7}},"4":{"start":{"line":116,"column":0},"end":{"line":116,"column":7}},"5":{"start":{"line":133,"column":0},"end":{"line":133,"column":16}},"6":{"start":{"line":145,"column":0},"end":{"line":145,"column":16}},"7":{"start":{"line":154,"column":0},"end":{"line":154,"column":16}},"8":{"start":{"line":27,"column":13},"end":{"line":32,"column":2}},"9":{"start":{"line":39,"column":2},"end":{"line":39,"column":41}},"10":{"start":{"line":46,"column":2},"end":{"line":46,"column":45}},"11":{"start":{"line":56,"column":2},"end":{"line":82,"column":3}},"12":{"start":{"line":66,"column":36},"end":{"line":71,"column":6}},"13":{"start":{"line":73,"column":4},"end":{"line":76,"column":6}},"14":{"start":{"line":78,"column":4},"end":{"line":81,"column":6}},"15":{"start":{"line":89,"column":2},"end":{"line":110,"column":3}},"16":{"start":{"line":94,"column":36},"end":{"line":99,"column":6}},"17":{"start":{"line":101,"column":4},"end":{"line":104,"column":6}},"18":{"start":{"line":106,"column":4},"end":{"line":109,"column":6}},"19":{"start":{"line":117,"column":2},"end":{"line":127,"column":3}},"20":{"start":{"line":121,"column":4},"end":{"line":121,"column":29}},"21":{"start":{"line":123,"column":4},"end":{"line":126,"column":6}},"22":{"start":{"line":134,"column":20},"end":{"line":137,"column":4}},"23":{"start":{"line":139,"column":2},"end":{"line":139,"column":40}},"24":{"start":{"line":146,"column":14},"end":{"line":146,"column":24}},"25":{"start":{"line":147,"column":20},"end":{"line":147,"column":43}},"26":{"start":{"line":148,"column":2},"end":{"line":148,"column":39}},"27":{"start":{"line":155,"column":2},"end":{"line":157,"column":3}},"28":{"start":{"line":156,"column":4},"end":{"line":156,"column":46}},"29":{"start":{"line":159,"column":2},"end":{"line":161,"column":3}},"30":{"start":{"line":160,"column":4},"end":{"line":160,"column":45}},"31":{"start":{"line":163,"column":2},"end":{"line":163,"column":25}}},"fnMap":{"0":{"name":"calculateStripeFee","decl":{"start":{"line":37,"column":16},"end":{"line":37,"column":34}},"loc":{"start":{"line":37,"column":49},"end":{"line":40,"column":1}}},"1":{"name":"calculateNetAmount","decl":{"start":{"line":45,"column":16},"end":{"line":45,"column":34}},"loc":{"start":{"line":45,"column":49},"end":{"line":47,"column":1}}},"2":{"name":"createPaymentSession","decl":{"start":{"line":53,"column":22},"end":{"line":53,"column":42}},"loc":{"start":{"line":54,"column":48},"end":{"line":83,"column":1}}},"3":{"name":"verifyPayment","decl":{"start":{"line":88,"column":22},"end":{"line":88,"column":35}},"loc":{"start":{"line":88,"column":53},"end":{"line":111,"column":1}}},"4":{"name":"createRefund","decl":{"start":{"line":116,"column":22},"end":{"line":116,"column":34}},"loc":{"start":{"line":116,"column":52},"end":{"line":128,"column":1}}},"5":{"name":"formatPrice","decl":{"start":{"line":133,"column":16},"end":{"line":133,"column":27}},"loc":{"start":{"line":133,"column":68},"end":{"line":140,"column":1}}},"6":{"name":"isRefundable","decl":{"start":{"line":145,"column":16},"end":{"line":145,"column":28}},"loc":{"start":{"line":145,"column":46},"end":{"line":149,"column":1}}},"7":{"name":"validateAmount","decl":{"start":{"line":154,"column":16},"end":{"line":154,"column":30}},"loc":{"start":{"line":154,"column":45},"end":{"line":164,"column":1}}}},"branchMap":{"0":{"loc":{"start":{"line":28,"column":11},"end":{"line":28,"column":57}},"type":"binary-expr","locations":[{"start":{"line":28,"column":11},"end":{"line":28,"column":38}},{"start":{"line":28,"column":42},"end":{"line":28,"column":57}}]},"1":{"loc":{"start":{"line":54,"column":2},"end":{"line":54,"column":48}},"type":"default-arg","locations":[{"start":{"line":54,"column":26},"end":{"line":54,"column":48}}]},"2":{"loc":{"start":{"line":80,"column":13},"end":{"line":80,"column":64}},"type":"cond-expr","locations":[{"start":{"line":80,"column":38},"end":{"line":80,"column":51}},{"start":{"line":80,"column":54},"end":{"line":80,"column":64}}]},"3":{"loc":{"start":{"line":108,"column":13},"end":{"line":108,"column":62}},"type":"cond-expr","locations":[{"start":{"line":108,"column":38},"end":{"line":108,"column":51}},{"start":{"line":108,"column":54},"end":{"line":108,"column":62}}]},"4":{"loc":{"start":{"line":125,"column":13},"end":{"line":125,"column":60}},"type":"cond-expr","locations":[{"start":{"line":125,"column":38},"end":{"line":125,"column":51}},{"start":{"line":125,"column":54},"end":{"line":125,"column":60}}]},"5":{"loc":{"start":{"line":133,"column":44},"end":{"line":133,"column":68}},"type":"default-arg","locations":[{"start":{"line":133,"column":63},"end":{"line":133,"column":68}}]},"6":{"loc":{"start":{"line":155,"column":2},"end":{"line":157,"column":3}},"type":"if","locations":[{"start":{"line":155,"column":2},"end":{"line":157,"column":3}}]},"7":{"loc":{"start":{"line":159,"column":2},"end":{"line":161,"column":3}},"type":"if","locations":[{"start":{"line":159,"column":2},"end":{"line":161,"column":3}}]}},"s":{"0":0,"1":0,"2":0,"3":0,"4":0,"5":0,"6":0,"7":0,"8":0,"9":0,"10":0,"11":0,"12":0,"13":0,"14":0,"15":0,"16":0,"17":0,"18":0,"19":0,"20":0,"21":0,"22":0,"23":0,"24":0,"25":0,"26":0,"27":0,"28":0,"29":0,"30":0,"31":0},"f":{"0":0,"1":0,"2":0,"3":0,"4":0,"5":0,"6":0,"7":0},"b":{"0":[0,0],"1":[0],"2":[0,0],"3":[0,0],"4":[0,0],"5":[0],"6":[0],"7":[0]}}
,"/home/admin/.openclaw/workspace-telecom/memory-migrator/src/lib/preview-edit.ts": {"path":"/home/admin/.openclaw/workspace-telecom/memory-migrator/src/lib/preview-edit.ts","statementMap":{"0":{"start":{"line":16,"column":0},"end":{"line":16,"column":16}},"1":{"start":{"line":29,"column":0},"end":{"line":29,"column":16}},"2":{"start":{"line":46,"column":0},"end":{"line":46,"column":16}},"3":{"start":{"line":60,"column":0},"end":{"line":60,"column":16}},"4":{"start":{"line":71,"column":0},"end":{"line":71,"column":16}},"5":{"start":{"line":94,"column":0},"end":{"line":94,"column":16}},"6":{"start":{"line":123,"column":0},"end":{"line":123,"column":16}},"7":{"start":{"line":136,"column":0},"end":{"line":136,"column":16}},"8":{"start":{"line":19,"column":2},"end":{"line":23,"column":4}},"9":{"start":{"line":34,"column":18},"end":{"line":38,"column":4}},"10":{"start":{"line":40,"column":2},"end":{"line":40,"column":17}},"11":{"start":{"line":50,"column":2},"end":{"line":54,"column":4}},"12":{"start":{"line":61,"column":2},"end":{"line":65,"column":4}},"13":{"start":{"line":74,"column":27},"end":{"line":74,"column":29}},"14":{"start":{"line":77,"column":2},"end":{"line":79,"column":3}},"15":{"start":{"line":78,"column":4},"end":{"line":78,"column":28}},"16":{"start":{"line":81,"column":2},"end":{"line":83,"column":3}},"17":{"start":{"line":82,"column":4},"end":{"line":82,"column":30}},"18":{"start":{"line":85,"column":2},"end":{"line":88,"column":4}},"19":{"start":{"line":97,"column":75},"end":{"line":97,"column":77}},"20":{"start":{"line":99,"column":48},"end":{"line":105,"column":4}},"21":{"start":{"line":107,"column":2},"end":{"line":115,"column":3}},"22":{"start":{"line":108,"column":4},"end":{"line":114,"column":5}},"23":{"start":{"line":109,"column":6},"end":{"line":113,"column":9}},"24":{"start":{"line":117,"column":2},"end":{"line":117,"column":17}},"25":{"start":{"line":124,"column":2},"end":{"line":130,"column":4}},"26":{"start":{"line":137,"column":29},"end":{"line":137,"column":31}},"27":{"start":{"line":139,"column":2},"end":{"line":139,"column":47}},"28":{"start":{"line":140,"column":2},"end":{"line":140,"column":49}},"29":{"start":{"line":141,"column":2},"end":{"line":141,"column":53}},"30":{"start":{"line":142,"column":2},"end":{"line":142,"column":50}},"31":{"start":{"line":143,"column":2},"end":{"line":143,"column":49}},"32":{"start":{"line":145,"column":2},"end":{"line":145,"column":29}}},"fnMap":{"0":{"name":"createEditableSummary","decl":{"start":{"line":16,"column":16},"end":{"line":16,"column":37}},"loc":{"start":{"line":17,"column":30},"end":{"line":24,"column":1}}},"1":{"name":"updateSummaryField","decl":{"start":{"line":29,"column":16},"end":{"line":29,"column":34}},"loc":{"start":{"line":32,"column":18},"end":{"line":41,"column":1}}},"2":{"name":"resetSummaryField","decl":{"start":{"line":46,"column":16},"end":{"line":46,"column":33}},"loc":{"start":{"line":48,"column":34},"end":{"line":55,"column":1}}},"3":{"name":"resetAllFields","decl":{"start":{"line":60,"column":16},"end":{"line":60,"column":30}},"loc":{"start":{"line":60,"column":56},"end":{"line":66,"column":1}}},"4":{"name":"validateSummary","decl":{"start":{"line":71,"column":16},"end":{"line":71,"column":31}},"loc":{"start":{"line":72,"column":39},"end":{"line":89,"column":1}}},"5":{"name":"getChanges","decl":{"start":{"line":94,"column":16},"end":{"line":94,"column":26}},"loc":{"start":{"line":95,"column":27},"end":{"line":118,"column":1}}},"6":{"name":"applyEdits","decl":{"start":{"line":123,"column":16},"end":{"line":123,"column":26}},"loc":{"start":{"line":123,"column":52},"end":{"line":131,"column":1}}},"7":{"name":"createPreviewText","decl":{"start":{"line":136,"column":16},"end":{"line":136,"column":33}},"loc":{"start":{"line":136,"column":62},"end":{"line":146,"column":1}}}},"branchMap":{"0":{"loc":{"start":{"line":77,"column":2},"end":{"line":79,"column":3}},"type":"if","locations":[{"start":{"line":77,"column":2},"end":{"line":79,"column":3}}]},"1":{"loc":{"start":{"line":81,"column":2},"end":{"line":83,"column":3}},"type":"if","locations":[{"start":{"line":81,"column":2},"end":{"line":83,"column":3}}]},"2":{"loc":{"start":{"line":108,"column":4},"end":{"line":114,"column":5}},"type":"if","locations":[{"start":{"line":108,"column":4},"end":{"line":114,"column":5}}]}},"s":{"0":0,"1":0,"2":0,"3":0,"4":0,"5":0,"6":0,"7":0,"8":0,"9":0,"10":0,"11":0,"12":0,"13":0,"14":0,"15":0,"16":0,"17":0,"18":0,"19":0,"20":0,"21":0,"22":0,"23":0,"24":0,"25":0,"26":0,"27":0,"28":0,"29":0,"30":0,"31":0,"32":0},"f":{"0":0,"1":0,"2":0,"3":0,"4":0,"5":0,"6":0,"7":0},"b":{"0":[0],"1":[0],"2":[0]}}
,"/home/admin/.openclaw/workspace-telecom/memory-migrator/src/lib/prompt-generator.ts": {"path":"/home/admin/.openclaw/workspace-telecom/memory-migrator/src/lib/prompt-generator.ts","statementMap":{"0":{"start":{"line":34,"column":0},"end":{"line":34,"column":16}},"1":{"start":{"line":102,"column":0},"end":{"line":102,"column":16}},"2":{"start":{"line":124,"column":0},"end":{"line":124,"column":16}},"3":{"start":{"line":194,"column":0},"end":{"line":194,"column":16}},"4":{"start":{"line":22,"column":13},"end":{"line":29,"column":2}},"5":{"start":{"line":39,"column":14},"end":{"line":39,"column":53}},"6":{"start":{"line":41,"column":29},"end":{"line":41,"column":31}},"7":{"start":{"line":44,"column":2},"end":{"line":44,"column":62}},"8":{"start":{"line":45,"column":2},"end":{"line":45,"column":20}},"9":{"start":{"line":46,"column":2},"end":{"line":46,"column":49}},"10":{"start":{"line":47,"column":2},"end":{"line":47,"column":55}},"11":{"start":{"line":48,"column":2},"end":{"line":48,"column":20}},"12":{"start":{"line":51,"column":2},"end":{"line":55,"column":3}},"13":{"start":{"line":52,"column":4},"end":{"line":52,"column":34}},"14":{"start":{"line":53,"column":4},"end":{"line":53,"column":37}},"15":{"start":{"line":54,"column":4},"end":{"line":54,"column":22}},"16":{"start":{"line":58,"column":2},"end":{"line":62,"column":3}},"17":{"start":{"line":59,"column":4},"end":{"line":59,"column":36}},"18":{"start":{"line":60,"column":4},"end":{"line":60,"column":39}},"19":{"start":{"line":61,"column":4},"end":{"line":61,"column":22}},"20":{"start":{"line":65,"column":2},"end":{"line":69,"column":3}},"21":{"start":{"line":66,"column":4},"end":{"line":66,"column":34}},"22":{"start":{"line":67,"column":4},"end":{"line":67,"column":43}},"23":{"start":{"line":68,"column":4},"end":{"line":68,"column":22}},"24":{"start":{"line":72,"column":2},"end":{"line":76,"column":3}},"25":{"start":{"line":73,"column":4},"end":{"line":73,"column":33}},"26":{"start":{"line":74,"column":4},"end":{"line":74,"column":40}},"27":{"start":{"line":75,"column":4},"end":{"line":75,"column":22}},"28":{"start":{"line":79,"column":2},"end":{"line":83,"column":3}},"29":{"start":{"line":80,"column":4},"end":{"line":80,"column":34}},"30":{"start":{"line":81,"column":4},"end":{"line":81,"column":39}},"31":{"start":{"line":82,"column":4},"end":{"line":82,"column":22}},"32":{"start":{"line":86,"column":2},"end":{"line":90,"column":3}},"33":{"start":{"line":87,"column":4},"end":{"line":87,"column":33}},"34":{"start":{"line":88,"column":4},"end":{"line":88,"column":42}},"35":{"start":{"line":89,"column":4},"end":{"line":89,"column":22}},"36":{"start":{"line":93,"column":2},"end":{"line":93,"column":23}},"37":{"start":{"line":94,"column":2},"end":{"line":94,"column":56}},"38":{"start":{"line":96,"column":2},"end":{"line":96,"column":29}},"39":{"start":{"line":105,"column":2},"end":{"line":118,"column":2}},"40":{"start":{"line":129,"column":2},"end":{"line":138,"column":3}},"41":{"start":{"line":131,"column":6},"end":{"line":131,"column":63}},"42":{"start":{"line":133,"column":6},"end":{"line":133,"column":46}},"43":{"start":{"line":135,"column":6},"end":{"line":135,"column":47}},"44":{"start":{"line":137,"column":6},"end":{"line":137,"column":51}},"45":{"start":{"line":148,"column":2},"end":{"line":160,"column":2}},"46":{"start":{"line":167,"column":2},"end":{"line":174,"column":2}},"47":{"start":{"line":181,"column":2},"end":{"line":188,"column":2}},"48":{"start":{"line":199,"column":18},"end":{"line":199,"column":55}},"49":{"start":{"line":201,"column":2},"end":{"line":207,"column":3}},"50":{"start":{"line":203,"column":4},"end":{"line":206,"column":28}},"51":{"start":{"line":209,"column":2},"end":{"line":209,"column":17}}},"fnMap":{"0":{"name":"generatePrompt","decl":{"start":{"line":34,"column":16},"end":{"line":34,"column":30}},"loc":{"start":{"line":37,"column":36},"end":{"line":97,"column":1}}},"1":{"name":"generateCompactPrompt","decl":{"start":{"line":102,"column":16},"end":{"line":102,"column":37}},"loc":{"start":{"line":103,"column":30},"end":{"line":119,"column":1}}},"2":{"name":"generatePromptForUseCase","decl":{"start":{"line":124,"column":16},"end":{"line":124,"column":40}},"loc":{"start":{"line":127,"column":54},"end":{"line":139,"column":1}}},"3":{"name":"generateContinuationPrompt","decl":{"start":{"line":144,"column":9},"end":{"line":144,"column":35}},"loc":{"start":{"line":146,"column":35},"end":{"line":161,"column":1}}},"4":{"name":"generateKnowledgePrompt","decl":{"start":{"line":166,"column":9},"end":{"line":166,"column":32}},"loc":{"start":{"line":166,"column":61},"end":{"line":175,"column":1}}},"5":{"name":"generatePreferencePrompt","decl":{"start":{"line":180,"column":9},"end":{"line":180,"column":33}},"loc":{"start":{"line":180,"column":62},"end":{"line":189,"column":1}}},"6":{"name":"promptToFile","decl":{"start":{"line":194,"column":16},"end":{"line":194,"column":28}},"loc":{"start":{"line":197,"column":41},"end":{"line":210,"column":1}}}},"branchMap":{"0":{"loc":{"start":{"line":37,"column":2},"end":{"line":37,"column":36}},"type":"default-arg","locations":[{"start":{"line":37,"column":34},"end":{"line":37,"column":36}}]},"1":{"loc":{"start":{"line":44,"column":21},"end":{"line":44,"column":58}},"type":"binary-expr","locations":[{"start":{"line":44,"column":21},"end":{"line":44,"column":30}},{"start":{"line":44,"column":34},"end":{"line":44,"column":58}}]},"2":{"loc":{"start":{"line":51,"column":2},"end":{"line":55,"column":3}},"type":"if","locations":[{"start":{"line":51,"column":2},"end":{"line":55,"column":3}}]},"3":{"loc":{"start":{"line":51,"column":6},"end":{"line":51,"column":47}},"type":"binary-expr","locations":[{"start":{"line":51,"column":6},"end":{"line":51,"column":26}},{"start":{"line":51,"column":30},"end":{"line":51,"column":47}}]},"4":{"loc":{"start":{"line":58,"column":2},"end":{"line":62,"column":3}},"type":"if","locations":[{"start":{"line":58,"column":2},"end":{"line":62,"column":3}}]},"5":{"loc":{"start":{"line":58,"column":6},"end":{"line":58,"column":51}},"type":"binary-expr","locations":[{"start":{"line":58,"column":6},"end":{"line":58,"column":28}},{"start":{"line":58,"column":32},"end":{"line":58,"column":51}}]},"6":{"loc":{"start":{"line":65,"column":2},"end":{"line":69,"column":3}},"type":"if","locations":[{"start":{"line":65,"column":2},"end":{"line":69,"column":3}}]},"7":{"loc":{"start":{"line":65,"column":6},"end":{"line":65,"column":59}},"type":"binary-expr","locations":[{"start":{"line":65,"column":6},"end":{"line":65,"column":32}},{"start":{"line":65,"column":36},"end":{"line":65,"column":59}}]},"8":{"loc":{"start":{"line":72,"column":2},"end":{"line":76,"column":3}},"type":"if","locations":[{"start":{"line":72,"column":2},"end":{"line":76,"column":3}}]},"9":{"loc":{"start":{"line":72,"column":6},"end":{"line":72,"column":53}},"type":"binary-expr","locations":[{"start":{"line":72,"column":6},"end":{"line":72,"column":29}},{"start":{"line":72,"column":33},"end":{"line":72,"column":53}}]},"10":{"loc":{"start":{"line":79,"column":2},"end":{"line":83,"column":3}},"type":"if","locations":[{"start":{"line":79,"column":2},"end":{"line":83,"column":3}}]},"11":{"loc":{"start":{"line":79,"column":6},"end":{"line":79,"column":51}},"type":"binary-expr","locations":[{"start":{"line":79,"column":6},"end":{"line":79,"column":28}},{"start":{"line":79,"column":32},"end":{"line":79,"column":51}}]},"12":{"loc":{"start":{"line":86,"column":2},"end":{"line":90,"column":3}},"type":"if","locations":[{"start":{"line":86,"column":2},"end":{"line":90,"column":3}}]},"13":{"loc":{"start":{"line":129,"column":2},"end":{"line":138,"column":3}},"type":"switch","locations":[{"start":{"line":130,"column":4},"end":{"line":131,"column":63}},{"start":{"line":132,"column":4},"end":{"line":133,"column":46}},{"start":{"line":134,"column":4},"end":{"line":135,"column":47}},{"start":{"line":136,"column":4},"end":{"line":137,"column":51}}]},"14":{"loc":{"start":{"line":197,"column":2},"end":{"line":197,"column":41}},"type":"default-arg","locations":[{"start":{"line":197,"column":31},"end":{"line":197,"column":41}}]},"15":{"loc":{"start":{"line":201,"column":2},"end":{"line":207,"column":3}},"type":"if","locations":[{"start":{"line":201,"column":2},"end":{"line":207,"column":3}}]}},"s":{"0":0,"1":0,"2":0,"3":0,"4":0,"5":0,"6":0,"7":0,"8":0,"9":0,"10":0,"11":0,"12":0,"13":0,"14":0,"15":0,"16":0,"17":0,"18":0,"19":0,"20":0,"21":0,"22":0,"23":0,"24":0,"25":0,"26":0,"27":0,"28":0,"29":0,"30":0,"31":0,"32":0,"33":0,"34":0,"35":0,"36":0,"37":0,"38":0,"39":0,"40":0,"41":0,"42":0,"43":0,"44":0,"45":0,"46":0,"47":0,"48":0,"49":0,"50":0,"51":0},"f":{"0":0,"1":0,"2":0,"3":0,"4":0,"5":0,"6":0},"b":{"0":[0],"1":[0,0],"2":[0],"3":[0,0],"4":[0],"5":[0,0],"6":[0],"7":[0,0],"8":[0],"9":[0,0],"10":[0],"11":[0,0],"12":[0],"13":[0,0,0,0],"14":[0],"15":[0]}}
,"/home/admin/.openclaw/workspace-telecom/memory-migrator/src/lib/ui-pages.ts": {"path":"/home/admin/.openclaw/workspace-telecom/memory-migrator/src/lib/ui-pages.ts","statementMap":{"0":{"start":{"line":70,"column":0},"end":{"line":70,"column":16}},"1":{"start":{"line":77,"column":0},"end":{"line":77,"column":16}},"2":{"start":{"line":84,"column":0},"end":{"line":84,"column":16}},"3":{"start":{"line":91,"column":0},"end":{"line":91,"column":16}},"4":{"start":{"line":101,"column":0},"end":{"line":101,"column":16}},"5":{"start":{"line":114,"column":0},"end":{"line":114,"column":16}},"6":{"start":{"line":125,"column":0},"end":{"line":125,"column":16}},"7":{"start":{"line":149,"column":0},"end":{"line":149,"column":16}},"8":{"start":{"line":171,"column":0},"end":{"line":171,"column":16}},"9":{"start":{"line":199,"column":0},"end":{"line":199,"column":16}},"10":{"start":{"line":210,"column":0},"end":{"line":210,"column":16}},"11":{"start":{"line":230,"column":0},"end":{"line":230,"column":16}},"12":{"start":{"line":246,"column":0},"end":{"line":246,"column":16}},"13":{"start":{"line":306,"column":0},"end":{"line":306,"column":16}},"14":{"start":{"line":343,"column":0},"end":{"line":343,"column":16}},"15":{"start":{"line":353,"column":0},"end":{"line":353,"column":16}},"16":{"start":{"line":31,"column":13},"end":{"line":45,"column":2}},"17":{"start":{"line":48,"column":13},"end":{"line":65,"column":2}},"18":{"start":{"line":71,"column":2},"end":{"line":71,"column":35}},"19":{"start":{"line":78,"column":2},"end":{"line":78,"column":63}},"20":{"start":{"line":85,"column":2},"end":{"line":85,"column":52}},"21":{"start":{"line":92,"column":2},"end":{"line":94,"column":3}},"22":{"start":{"line":93,"column":4},"end":{"line":93,"column":44}},"23":{"start":{"line":95,"column":2},"end":{"line":95,"column":80}},"24":{"start":{"line":102,"column":21},"end":{"line":102,"column":32}},"25":{"start":{"line":103,"column":2},"end":{"line":103,"column":43}},"26":{"start":{"line":103,"column":19},"end":{"line":103,"column":43}},"27":{"start":{"line":105,"column":2},"end":{"line":107,"column":3}},"28":{"start":{"line":106,"column":4},"end":{"line":106,"column":30}},"29":{"start":{"line":108,"column":2},"end":{"line":108,"column":26}},"30":{"start":{"line":115,"column":18},"end":{"line":115,"column":35}},"31":{"start":{"line":116,"column":2},"end":{"line":119,"column":6}},"32":{"start":{"line":116,"column":31},"end":{"line":119,"column":4}},"33":{"start":{"line":126,"column":2},"end":{"line":135,"column":3}},"34":{"start":{"line":127,"column":4},"end":{"line":134,"column":6}},"35":{"start":{"line":136,"column":2},"end":{"line":143,"column":4}},"36":{"start":{"line":150,"column":2},"end":{"line":158,"column":3}},"37":{"start":{"line":151,"column":4},"end":{"line":157,"column":6}},"38":{"start":{"line":159,"column":2},"end":{"line":165,"column":4}},"39":{"start":{"line":172,"column":2},"end":{"line":183,"column":3}},"40":{"start":{"line":173,"column":4},"end":{"line":182,"column":6}},"41":{"start":{"line":184,"column":2},"end":{"line":193,"column":4}},"42":{"start":{"line":200,"column":2},"end":{"line":204,"column":4}},"43":{"start":{"line":211,"column":2},"end":{"line":218,"column":3}},"44":{"start":{"line":212,"column":4},"end":{"line":217,"column":6}},"45":{"start":{"line":219,"column":2},"end":{"line":224,"column":4}},"46":{"start":{"line":231,"column":2},"end":{"line":239,"column":3}},"47":{"start":{"line":232,"column":4},"end":{"line":238,"column":6}},"48":{"start":{"line":240,"column":2},"end":{"line":240,"column":26}},"49":{"start":{"line":247,"column":2},"end":{"line":254,"column":3}},"50":{"start":{"line":248,"column":4},"end":{"line":253,"column":6}},"51":{"start":{"line":255,"column":2},"end":{"line":260,"column":4}},"52":{"start":{"line":272,"column":13},"end":{"line":275,"column":2}},"53":{"start":{"line":287,"column":13},"end":{"line":293,"column":2}},"54":{"start":{"line":295,"column":13},"end":{"line":301,"column":2}},"55":{"start":{"line":307,"column":2},"end":{"line":307,"column":72}},"56":{"start":{"line":313,"column":13},"end":{"line":324,"column":2}},"57":{"start":{"line":329,"column":13},"end":{"line":338,"column":2}},"58":{"start":{"line":344,"column":2},"end":{"line":346,"column":3}},"59":{"start":{"line":345,"column":4},"end":{"line":345,"column":47}},"60":{"start":{"line":347,"column":2},"end":{"line":347,"column":29}},"61":{"start":{"line":354,"column":2},"end":{"line":356,"column":3}},"62":{"start":{"line":355,"column":4},"end":{"line":355,"column":49}},"63":{"start":{"line":357,"column":2},"end":{"line":357,"column":31}}},"fnMap":{"0":{"name":"getPricingDisplay","decl":{"start":{"line":70,"column":16},"end":{"line":70,"column":33}},"loc":{"start":{"line":70,"column":55},"end":{"line":72,"column":1}}},"1":{"name":"getPricingFeatures","decl":{"start":{"line":77,"column":16},"end":{"line":77,"column":34}},"loc":{"start":{"line":77,"column":56},"end":{"line":79,"column":1}}},"2":{"name":"getHomepageCTA","decl":{"start":{"line":84,"column":16},"end":{"line":84,"column":30}},"loc":{"start":{"line":84,"column":52},"end":{"line":86,"column":1}}},"3":{"name":"getValueProposition","decl":{"start":{"line":91,"column":16},"end":{"line":91,"column":35}},"loc":{"start":{"line":91,"column":57},"end":{"line":96,"column":1}}},"4":{"name":"getPageTitle","decl":{"start":{"line":101,"column":16},"end":{"line":101,"column":28}},"loc":{"start":{"line":101,"column":64},"end":{"line":109,"column":1}}},"5":{"name":"getNavItems","decl":{"start":{"line":114,"column":16},"end":{"line":114,"column":27}},"loc":{"start":{"line":114,"column":49},"end":{"line":120,"column":1}}},"6":{"name":"(anonymous_6)","decl":{"start":{"line":116,"column":21},"end":{"line":116,"column":26}},"loc":{"start":{"line":116,"column":31},"end":{"line":119,"column":4}}},"7":{"name":"getChatGPTTutorial","decl":{"start":{"line":125,"column":16},"end":{"line":125,"column":34}},"loc":{"start":{"line":125,"column":56},"end":{"line":144,"column":1}}},"8":{"name":"getClaudeTutorial","decl":{"start":{"line":149,"column":16},"end":{"line":149,"column":33}},"loc":{"start":{"line":149,"column":55},"end":{"line":166,"column":1}}},"9":{"name":"getGeminiTutorial","decl":{"start":{"line":171,"column":16},"end":{"line":171,"column":33}},"loc":{"start":{"line":171,"column":55},"end":{"line":194,"column":1}}},"10":{"name":"getAllTutorials","decl":{"start":{"line":199,"column":16},"end":{"line":199,"column":31}},"loc":{"start":{"line":199,"column":53},"end":{"line":205,"column":1}}},"11":{"name":"getFAQ","decl":{"start":{"line":210,"column":16},"end":{"line":210,"column":22}},"loc":{"start":{"line":210,"column":44},"end":{"line":225,"column":1}}},"12":{"name":"getHomeFeatures","decl":{"start":{"line":230,"column":16},"end":{"line":230,"column":31}},"loc":{"start":{"line":230,"column":53},"end":{"line":241,"column":1}}},"13":{"name":"getUploadText","decl":{"start":{"line":246,"column":16},"end":{"line":246,"column":29}},"loc":{"start":{"line":246,"column":51},"end":{"line":261,"column":1}}},"14":{"name":"getUploadStateText","decl":{"start":{"line":306,"column":16},"end":{"line":306,"column":34}},"loc":{"start":{"line":306,"column":84},"end":{"line":308,"column":1}}},"15":{"name":"getErrorMessage","decl":{"start":{"line":343,"column":16},"end":{"line":343,"column":31}},"loc":{"start":{"line":343,"column":87},"end":{"line":348,"column":1}}},"16":{"name":"getSuccessMessage","decl":{"start":{"line":353,"column":16},"end":{"line":353,"column":33}},"loc":{"start":{"line":353,"column":91},"end":{"line":358,"column":1}}}},"branchMap":{"0":{"loc":{"start":{"line":50,"column":11},"end":{"line":50,"column":57}},"type":"binary-expr","locations":[{"start":{"line":50,"column":11},"end":{"line":50,"column":38}},{"start":{"line":50,"column":42},"end":{"line":50,"column":57}}]},"1":{"loc":{"start":{"line":70,"column":34},"end":{"line":70,"column":55}},"type":"default-arg","locations":[{"start":{"line":70,"column":51},"end":{"line":70,"column":55}}]},"2":{"loc":{"start":{"line":77,"column":35},"end":{"line":77,"column":56}},"type":"default-arg","locations":[{"start":{"line":77,"column":52},"end":{"line":77,"column":56}}]},"3":{"loc":{"start":{"line":78,"column":9},"end":{"line":78,"column":62}},"type":"cond-expr","locations":[{"start":{"line":78,"column":25},"end":{"line":78,"column":43}},{"start":{"line":78,"column":46},"end":{"line":78,"column":62}}]},"4":{"loc":{"start":{"line":84,"column":31},"end":{"line":84,"column":52}},"type":"default-arg","locations":[{"start":{"line":84,"column":48},"end":{"line":84,"column":52}}]},"5":{"loc":{"start":{"line":85,"column":9},"end":{"line":85,"column":51}},"type":"cond-expr","locations":[{"start":{"line":85,"column":25},"end":{"line":85,"column":31}},{"start":{"line":85,"column":34},"end":{"line":85,"column":51}}]},"6":{"loc":{"start":{"line":91,"column":36},"end":{"line":91,"column":57}},"type":"default-arg","locations":[{"start":{"line":91,"column":53},"end":{"line":91,"column":57}}]},"7":{"loc":{"start":{"line":92,"column":2},"end":{"line":94,"column":3}},"type":"if","locations":[{"start":{"line":92,"column":2},"end":{"line":94,"column":3}}]},"8":{"loc":{"start":{"line":101,"column":43},"end":{"line":101,"column":64}},"type":"default-arg","locations":[{"start":{"line":101,"column":60},"end":{"line":101,"column":64}}]},"9":{"loc":{"start":{"line":103,"column":2},"end":{"line":103,"column":43}},"type":"if","locations":[{"start":{"line":103,"column":2},"end":{"line":103,"column":43}}]},"10":{"loc":{"start":{"line":105,"column":2},"end":{"line":107,"column":3}},"type":"if","locations":[{"start":{"line":105,"column":2},"end":{"line":107,"column":3}}]},"11":{"loc":{"start":{"line":105,"column":6},"end":{"line":105,"column":41}},"type":"binary-expr","locations":[{"start":{"line":105,"column":6},"end":{"line":105,"column":19}},{"start":{"line":105,"column":23},"end":{"line":105,"column":41}}]},"12":{"loc":{"start":{"line":114,"column":28},"end":{"line":114,"column":49}},"type":"default-arg","locations":[{"start":{"line":114,"column":45},"end":{"line":114,"column":49}}]},"13":{"loc":{"start":{"line":118,"column":11},"end":{"line":118,"column":68}},"type":"cond-expr","locations":[{"start":{"line":118,"column":43},"end":{"line":118,"column":55}},{"start":{"line":118,"column":58},"end":{"line":118,"column":68}}]},"14":{"loc":{"start":{"line":118,"column":11},"end":{"line":118,"column":40}},"type":"binary-expr","locations":[{"start":{"line":118,"column":11},"end":{"line":118,"column":24}},{"start":{"line":118,"column":28},"end":{"line":118,"column":40}}]},"15":{"loc":{"start":{"line":125,"column":35},"end":{"line":125,"column":56}},"type":"default-arg","locations":[{"start":{"line":125,"column":52},"end":{"line":125,"column":56}}]},"16":{"loc":{"start":{"line":126,"column":2},"end":{"line":135,"column":3}},"type":"if","locations":[{"start":{"line":126,"column":2},"end":{"line":135,"column":3}}]},"17":{"loc":{"start":{"line":149,"column":34},"end":{"line":149,"column":55}},"type":"default-arg","locations":[{"start":{"line":149,"column":51},"end":{"line":149,"column":55}}]},"18":{"loc":{"start":{"line":150,"column":2},"end":{"line":158,"column":3}},"type":"if","locations":[{"start":{"line":150,"column":2},"end":{"line":158,"column":3}}]},"19":{"loc":{"start":{"line":171,"column":34},"end":{"line":171,"column":55}},"type":"default-arg","locations":[{"start":{"line":171,"column":51},"end":{"line":171,"column":55}}]},"20":{"loc":{"start":{"line":172,"column":2},"end":{"line":183,"column":3}},"type":"if","locations":[{"start":{"line":172,"column":2},"end":{"line":183,"column":3}}]},"21":{"loc":{"start":{"line":199,"column":32},"end":{"line":199,"column":53}},"type":"default-arg","locations":[{"start":{"line":199,"column":49},"end":{"line":199,"column":53}}]},"22":{"loc":{"start":{"line":210,"column":23},"end":{"line":210,"column":44}},"type":"default-arg","locations":[{"start":{"line":210,"column":40},"end":{"line":210,"column":44}}]},"23":{"loc":{"start":{"line":211,"column":2},"end":{"line":218,"column":3}},"type":"if","locations":[{"start":{"line":211,"column":2},"end":{"line":218,"column":3}}]},"24":{"loc":{"start":{"line":230,"column":32},"end":{"line":230,"column":53}},"type":"default-arg","locations":[{"start":{"line":230,"column":49},"end":{"line":230,"column":53}}]},"25":{"loc":{"start":{"line":231,"column":2},"end":{"line":239,"column":3}},"type":"if","locations":[{"start":{"line":231,"column":2},"end":{"line":239,"column":3}}]},"26":{"loc":{"start":{"line":246,"column":30},"end":{"line":246,"column":51}},"type":"default-arg","locations":[{"start":{"line":246,"column":47},"end":{"line":246,"column":51}}]},"27":{"loc":{"start":{"line":247,"column":2},"end":{"line":254,"column":3}},"type":"if","locations":[{"start":{"line":247,"column":2},"end":{"line":254,"column":3}}]},"28":{"loc":{"start":{"line":306,"column":63},"end":{"line":306,"column":84}},"type":"default-arg","locations":[{"start":{"line":306,"column":80},"end":{"line":306,"column":84}}]},"29":{"loc":{"start":{"line":307,"column":9},"end":{"line":307,"column":71}},"type":"cond-expr","locations":[{"start":{"line":307,"column":25},"end":{"line":307,"column":48}},{"start":{"line":307,"column":51},"end":{"line":307,"column":71}}]},"30":{"loc":{"start":{"line":343,"column":66},"end":{"line":343,"column":87}},"type":"default-arg","locations":[{"start":{"line":343,"column":83},"end":{"line":343,"column":87}}]},"31":{"loc":{"start":{"line":344,"column":2},"end":{"line":346,"column":3}},"type":"if","locations":[{"start":{"line":344,"column":2},"end":{"line":346,"column":3}}]},"32":{"loc":{"start":{"line":344,"column":6},"end":{"line":344,"column":51}},"type":"binary-expr","locations":[{"start":{"line":344,"column":6},"end":{"line":344,"column":19}},{"start":{"line":344,"column":23},"end":{"line":344,"column":51}}]},"33":{"loc":{"start":{"line":353,"column":70},"end":{"line":353,"column":91}},"type":"default-arg","locations":[{"start":{"line":353,"column":87},"end":{"line":353,"column":91}}]},"34":{"loc":{"start":{"line":354,"column":2},"end":{"line":356,"column":3}},"type":"if","locations":[{"start":{"line":354,"column":2},"end":{"line":356,"column":3}}]},"35":{"loc":{"start":{"line":354,"column":6},"end":{"line":354,"column":53}},"type":"binary-expr","locations":[{"start":{"line":354,"column":6},"end":{"line":354,"column":19}},{"start":{"line":354,"column":23},"end":{"line":354,"column":53}}]}},"s":{"0":0,"1":0,"2":0,"3":0,"4":0,"5":0,"6":0,"7":0,"8":0,"9":0,"10":0,"11":0,"12":0,"13":0,"14":0,"15":0,"16":0,"17":0,"18":0,"19":0,"20":0,"21":0,"22":0,"23":0,"24":0,"25":0,"26":0,"27":0,"28":0,"29":0
[...]
lidateOutput","decl":{"start":{"line":107,"column":16},"end":{"line":107,"column":30}},"loc":{"start":{"line":107,"column":52},"end":{"line":135,"column":1}}},"8":{"name":"getStatistics","decl":{"start":{"line":140,"column":16},"end":{"line":140,"column":29}},"loc":{"start":{"line":140,"column":51},"end":{"line":162,"column":1}}}},"branchMap":{"0":{"loc":{"start":{"line":45,"column":11},"end":{"line":45,"column":38}},"type":"binary-expr","locations":[{"start":{"line":45,"column":11},"end":{"line":45,"column":24}},{"start":{"line":45,"column":28},"end":{"line":45,"column":38}}]},"1":{"loc":{"start":{"line":47,"column":21},"end":{"line":47,"column":68}},"type":"binary-expr","locations":[{"start":{"line":47,"column":21},"end":{"line":47,"column":40}},{"start":{"line":47,"column":44},"end":{"line":47,"column":68}}]},"2":{"loc":{"start":{"line":51,"column":14},"end":{"line":51,"column":32}},"type":"binary-expr","locations":[{"start":{"line":51,"column":14},"end":{"line":51,"column":27}},{"start":{"line":51,"column":31},"end":{"line":51,"column":32}}]},"3":{"loc":{"start":{"line":110,"column":2},"end":{"line":112,"column":3}},"type":"if","locations":[{"start":{"line":110,"column":2},"end":{"line":112,"column":3}}]},"4":{"loc":{"start":{"line":114,"column":2},"end":{"line":116,"column":3}},"type":"if","locations":[{"start":{"line":114,"column":2},"end":{"line":116,"column":3}}]},"5":{"loc":{"start":{"line":118,"column":2},"end":{"line":129,"column":3}},"type":"if","locations":[{"start":{"line":118,"column":2},"end":{"line":129,"column":3}},{"start":{"line":120,"column":9},"end":{"line":129,"column":3}}]},"6":{"loc":{"start":{"line":123,"column":6},"end":{"line":123,"column":65}},"type":"if","locations":[{"start":{"line":123,"column":6},"end":{"line":123,"column":65}}]},"7":{"loc":{"start":{"line":124,"column":6},"end":{"line":124,"column":71}},"type":"if","locations":[{"start":{"line":124,"column":6},"end":{"line":124,"column":71}}]},"8":{"loc":{"start":{"line":125,"column":6},"end":{"line":127,"column":7}},"type":"if","locations":[{"start":{"line":125,"column":6},"end":{"line":127,"column":7}}]},"9":{"loc":{"start":{"line":151,"column":6},"end":{"line":152,"column":58}},"type":"if","locations":[{"start":{"line":151,"column":6},"end":{"line":152,"column":58}},{"start":{"line":152,"column":11},"end":{"line":152,"column":58}}]},"10":{"loc":{"start":{"line":152,"column":11},"end":{"line":152,"column":58}},"type":"if","locations":[{"start":{"line":152,"column":11},"end":{"line":152,"column":58}}]}},"s":{"0":0,"1":0,"2":0,"3":0,"4":0,"5":0,"6":0,"7":0,"8":0,"9":0,"10":0,"11":0,"12":0,"13":0,"14":0,"15":0,"16":0,"17":0,"18":0,"19":0,"20":0,"21":0,"22":0,"23":0,"24":0,"25":0,"26":0,"27":0,"28":0,"29":0,"30":0,"31":0,"32":0,"33":0,"34":0,"35":0,"36":0,"37":0,"38":0,"39":0,"40":0},"f":{"0":0,"1":0,"2":0,"3":0,"4":0,"5":0,"6":0,"7":0,"8":0},"b":{"0":[0,0],"1":[0,0],"2":[0,0],"3":[0],"4":[0],"5":[0,0],"6":[0],"7":[0],"8":[0],"9":[0,0],"10":[0]}}
,"/home/admin/.openclaw/workspace-telecom/memory-migrator/src/lib/bookmarklet/platform-detector.ts": {"path":"/home/admin/.openclaw/workspace-telecom/memory-migrator/src/lib/bookmarklet/platform-detector.ts","statementMap":{"0":{"start":{"line":79,"column":0},"end":{"line":79,"column":16}},"1":{"start":{"line":96,"column":0},"end":{"line":96,"column":16}},"2":{"start":{"line":108,"column":0},"end":{"line":108,"column":16}},"3":{"start":{"line":115,"column":0},"end":{"line":115,"column":16}},"4":{"start":{"line":122,"column":0},"end":{"line":122,"column":16}},"5":{"start":{"line":129,"column":0},"end":{"line":129,"column":16}},"6":{"start":{"line":136,"column":0},"end":{"line":136,"column":16}},"7":{"start":{"line":18,"column":13},"end":{"line":61,"column":2}},"8":{"start":{"line":66,"column":74},"end":{"line":74,"column":2}},"9":{"start":{"line":80,"column":2},"end":{"line":82,"column":3}},"10":{"start":{"line":81,"column":4},"end":{"line":81,"column":21}},"11":{"start":{"line":84,"column":2},"end":{"line":88,"column":3}},"12":{"start":{"line":85,"column":4},"end":{"line":87,"column":5}},"13":{"start":{"line":86,"column":6},"end":{"line":86,"column":22}},"14":{"start":{"line":90,"column":2},"end":{"line":90,"column":19}},"15":{"start":{"line":97,"column":2},"end":{"line":102,"column":3}},"16":{"start":{"line":98,"column":19},"end":{"line":98,"column":31}},"17":{"start":{"line":99,"column":4},"end":{"line":99,"column":43}},"18":{"start":{"line":101,"column":4},"end":{"line":101,"column":21}},"19":{"start":{"line":109,"column":2},"end":{"line":109,"column":50}},"20":{"start":{"line":116,"column":2},"end":{"line":116,"column":47}},"21":{"start":{"line":123,"column":2},"end":{"line":123,"column":32}},"22":{"start":{"line":130,"column":2},"end":{"line":130,"column":71}},"23":{"start":{"line":137,"column":2},"end":{"line":137,"column":40}}},"fnMap":{"0":{"name":"detectPlatform","decl":{"start":{"line":79,"column":16},"end":{"line":79,"column":30}},"loc":{"start":{"line":79,"column":47},"end":{"line":91,"column":1}}},"1":{"name":"detectPlatformFromURL","decl":{"start":{"line":96,"column":16},"end":{"line":96,"column":37}},"loc":{"start":{"line":96,"column":49},"end":{"line":103,"column":1}}},"2":{"name":"getPlatformInfo","decl":{"start":{"line":108,"column":16},"end":{"line":108,"column":31}},"loc":{"start":{"line":108,"column":50},"end":{"line":110,"column":1}}},"3":{"name":"getStorageKeys","decl":{"start":{"line":115,"column":16},"end":{"line":115,"column":30}},"loc":{"start":{"line":115,"column":49},"end":{"line":117,"column":1}}},"4":{"name":"isSupportedPlatform","decl":{"start":{"line":122,"column":16},"end":{"line":122,"column":35}},"loc":{"start":{"line":122,"column":54},"end":{"line":124,"column":1}}},"5":{"name":"getSupportedPlatforms","decl":{"start":{"line":129,"column":16},"end":{"line":129,"column":37}},"loc":{"start":{"line":129,"column":37},"end":{"line":131,"column":1}}},"6":{"name":"getPlatformName","decl":{"start":{"line":136,"column":16},"end":{"line":136,"column":31}},"loc":{"start":{"line":136,"column":50},"end":{"line":138,"column":1}}}},"branchMap":{"0":{"loc":{"start":{"line":80,"column":2},"end":{"line":82,"column":3}},"type":"if","locations":[{"start":{"line":80,"column":2},"end":{"line":82,"column":3}}]},"1":{"loc":{"start":{"line":85,"column":4},"end":{"line":87,"column":5}},"type":"if","locations":[{"start":{"line":85,"column":4},"end":{"line":87,"column":5}}]},"2":{"loc":{"start":{"line":109,"column":9},"end":{"line":109,"column":49}},"type":"binary-expr","locations":[{"start":{"line":109,"column":9},"end":{"line":109,"column":28}},{"start":{"line":109,"column":32},"end":{"line":109,"column":49}}]}},"s":{"0":0,"1":0,"2":0,"3":0,"4":0,"5":0,"6":0,"7":0,"8":0,"9":0,"10":0,"11":0,"12":0,"13":0,"14":0,"15":0,"16":0,"17":0,"18":0,"19":0,"20":0,"21":0,"22":0,"23":0},"f":{"0":0,"1":0,"2":0,"3":0,"4":0,"5":0,"6":0},"b":{"0":[0],"1":[0],"2":[0,0]}}
,"/home/admin/.openclaw/workspace-telecom/memory-migrator/src/lib/bookmarklet/extractors/chatgpt.ts": {"path":"/home/admin/.openclaw/workspace-telecom/memory-migrator/src/lib/bookmarklet/extractors/chatgpt.ts","statementMap":{"0":{"start":{"line":88,"column":0},"end":{"line":88,"column":16}},"1":{"start":{"line":160,"column":0},"end":{"line":160,"column":16}},"2":{"start":{"line":167,"column":0},"end":{"line":167,"column":16}},"3":{"start":{"line":34,"column":2},"end":{"line":36,"column":3}},"4":{"start":{"line":35,"column":4},"end":{"line":35,"column":14}},"5":{"start":{"line":37,"column":2},"end":{"line":37,"column":24}},"6":{"start":{"line":44,"column":37},"end":{"line":44,"column":39}},"7":{"start":{"line":45,"column":18},"end":{"line":45,"column":43}},"8":{"start":{"line":47,"column":2},"end":{"line":70,"column":3}},"9":{"start":{"line":48,"column":16},"end":{"line":48,"column":30}},"10":{"start":{"line":50,"column":4},"end":{"line":52,"column":5}},"11":{"start":{"line":51,"column":6},"end":{"line":51,"column":15}},"12":{"start":{"line":54,"column":17},"end":{"line":54,"column":33}},"13":{"start":{"line":55,"column":4},"end":{"line":57,"column":5}},"14":{"start":{"line":56,"column":6},"end":{"line":56,"column":15}},"15":{"start":{"line":59,"column":20},"end":{"line":59,"column":62}},"16":{"start":{"line":60,"column":4},"end":{"line":62,"column":5}},"17":{"start":{"line":61,"column":6},"end":{"line":61,"column":15}},"18":{"start":{"line":64,"column":4},"end":{"line":69,"column":7}},"19":{"start":{"line":73,"column":2},"end":{"line":73,"column":53}},"20":{"start":{"line":73,"column":26},"end":{"line":73,"column":51}},"21":{"start":{"line":75,"column":2},"end":{"line":81,"column":4}},"22":{"start":{"line":89,"column":2},"end":{"line":154,"column":3}},"23":{"start":{"line":91,"column":30},"end":{"line":91,"column":32}},"24":{"start":{"line":93,"column":25},"end":{"line":93,"column":63}},"25":{"start":{"line":94,"column":4},"end":{"line":100,"column":5}},"26":{"start":{"line":95,"column":6},"end":{"line":99,"column":7}},"27":{"start":{"line":96,"column":8},"end":{"line":96,"column":48}},"28":{"start":{"line":103,"column":29},"end":{"line":103,"column":49}},"29":{"start":{"line":104,"column":45},"end":{"line":104,"column":47}},"30":{"start":{"line":106,"column":4},"end":{"line":112,"column":5}},"31":{"start":{"line":107,"column":6},"end":{"line":111,"column":7}},"32":{"start":{"line":108,"column":8},"end":{"line":108,"column":53}},"33":{"start":{"line":115,"column":39},"end":{"line":115,"column":41}},"34":{"start":{"line":117,"column":4},"end":{"line":133,"column":5}},"35":{"start":{"line":118,"column":24},"end":{"line":118,"column":34}},"36":{"start":{"line":119,"column":35},"end":{"line":119,"column":59}},"37":{"start":{"line":121,"column":6},"end":{"line":132,"column":7}},"38":{"start":{"line":122,"column":8},"end":{"line":122,"column":69}},"39":{"start":{"line":125,"column":8},"end":{"line":131,"column":11}},"40":{"start":{"line":135,"column":4},"end":{"line":141,"column":5}},"41":{"start":{"line":136,"column":6},"end":{"line":140,"column":8}},"42":{"start":{"line":143,"column":4},"end":{"line":147,"column":6}},"43":{"start":{"line":149,"column":4},"end":{"line":153,"column":6}},"44":{"start":{"line":161,"column":2},"end":{"line":161,"column":55}},"45":{"start":{"line":168,"column":15},"end":{"line":168,"column":32}},"46":{"start":{"line":169,"column":2},"end":{"line":173,"column":4}},"47":{"start":{"line":170,"column":4},"end":{"line":172,"column":31}}},"fnMap":{"0":{"name":"extractContent","decl":{"start":{"line":33,"column":9},"end":{"line":33,"column":23}},"loc":{"start":{"line":33,"column":51},"end":{"line":38,"column":1}}},"1":{"name":"parseSession","decl":{"start":{"line":43,"column":9},"end":{"line":43,"column":21}},"loc":{"start":{"line":43,"column":57},"end":{"line":82,"column":1}}},"2":{"name":"(anonymous_2)","decl":{"start":{"line":73,"column":16},"end":{"line":73,"column":17}},"loc":{"start":{"line":73,"column":26},"end":{"line":73,"column":51}}},"3":{"name":"extractChatGPT","decl":{"start":{"line":88,"column":16},"end":{"line":88,"column":30}},"loc":{"start":{"line":88,"column":59},"end":{"line":155,"column":1}}},"4":{"name":"getChatGPTStorageKeys","decl":{"start":{"line":160,"column":16},"end":{"line":160,"column":37}},"loc":{"start":{"line":160,"column":37},"end":{"line":162,"column":1}}},"5":{"name":"isChatGPTFormat","decl":{"start":{"line":167,"column":16},"end":{"line":167,"column":31}},"loc":{"start":{"line":167,"column":60},"end":{"line":174,"column":1}}},"6":{"name":"(anonymous_6)","decl":{"start":{"line":169,"column":19},"end":{"line":169,"column":22}},"loc":{"start":{"line":170,"column":4},"end":{"line":172,"column":31}}}},"branchMap":{"0":{"loc":{"start":{"line":34,"column":2},"end":{"line":36,"column":3}},"type":"if","locations":[{"start":{"line":34,"column":2},"end":{"line":36,"column":3}}]},"1":{"loc":{"start":{"line":34,"column":6},"end":{"line":34,"column":37}},"type":"binary-expr","locations":[{"start":{"line":34,"column":6},"end":{"line":34,"column":12}},{"start":{"line":34,"column":16},"end":{"line":34,"column":37}}]},"2":{"loc":{"start":{"line":45,"column":18},"end":{"line":45,"column":43}},"type":"binary-expr","locations":[{"start":{"line":45,"column":18},"end":{"line":45,"column":37}},{"start":{"line":45,"column":41},"end":{"line":45,"column":43}}]},"3":{"loc":{"start":{"line":50,"column":4},"end":{"line":52,"column":5}},"type":"if","locations":[{"start":{"line":50,"column":4},"end":{"line":52,"column":5}}]},"4":{"loc":{"start":{"line":50,"column":8},"end":{"line":50,"column":41}},"type":"binary-expr","locations":[{"start":{"line":50,"column":8},"end":{"line":50,"column":20}},{"start":{"line":50,"column":24},"end":{"line":50,"column":41}}]},"5":{"loc":{"start":{"line":55,"column":4},"end":{"line":57,"column":5}},"type":"if","locations":[{"start":{"line":55,"column":4},"end":{"line":57,"column":5}}]},"6":{"loc":{"start":{"line":55,"column":8},"end":{"line":55,"column":47}},"type":"binary-expr","locations":[{"start":{"line":55,"column":8},"end":{"line":55,"column":23}},{"start":{"line":55,"column":27},"end":{"line":55,"column":47}}]},"7":{"loc":{"start":{"line":60,"column":4},"end":{"line":62,"column":5}},"type":"if","locations":[{"start":{"line":60,"column":4},"end":{"line":62,"column":5}}]},"8":{"loc":{"start":{"line":65,"column":10},"end":{"line":65,"column":25}},"type":"binary-expr","locations":[{"start":{"line":65,"column":10},"end":{"line":65,"column":16}},{"start":{"line":65,"column":20},"end":{"line":65,"column":25}}]},"9":{"loc":{"start":{"line":68,"column":17},"end":{"line":68,"column":45}},"type":"binary-expr","locations":[{"start":{"line":68,"column":17},"end":{"line":68,"column":40}},{"start":{"line":68,"column":44},"end":{"line":68,"column":45}}]},"10":{"loc":{"start":{"line":77,"column":11},"end":{"line":77,"column":42}},"type":"binary-expr","locations":[{"start":{"line":77,"column":11},"end":{"line":77,"column":28}},{"start":{"line":77,"column":32},"end":{"line":77,"column":42}}]},"11":{"loc":{"start":{"line":78,"column":16},"end":{"line":78,"column":44}},"type":"binary-expr","locations":[{"start":{"line":78,"column":16},"end":{"line":78,"column":39}},{"start":{"line":78,"column":43},"end":{"line":78,"column":44}}]},"12":{"loc":{"start":{"line":79,"column":16},"end":{"line":79,"column":44}},"type":"binary-expr","locations":[{"start":{"line":79,"column":16},"end":{"line":79,"column":39}},{"start":{"line":79,"column":43},"end":{"line":79,"column":44}}]},"13":{"loc":{"start":{"line":93,"column":25},"end":{"line":93,"column":63}},"type":"binary-expr","locations":[{"start":{"line":93,"column":25},"end":{"line":93,"column":43}},{"start":{"line":93,"column":47},"end":{"line":93,"column":63}}]},"14":{"loc":{"start":{"line":94,"column":4},"end":{"line":100,"column":5}},"type":"if","locations":[{"start":{"line":94,"column":4},"end":{"line":100,"column":5}}]},"15":{"loc":{"start":{"line":106,"column":4},"end":{"line":112,"column":5}},"type":"if","locations":[{"start":{"line":106,"column":4},"end":{"line":112,"column":5}}]},"16":{"loc":{"start":{"line":121,"column":6},"end":{"line":132,"column":7}},"type":"if","locations":[{"start":{"line":121,"column":6},"end":{"line":132,"column":7}},{"start":{"line":123,"column":13},"end":{"line":132,"column":7}}]},"17":{"loc":{"start":{"line":127,"column":17},"end":{"line":127,"column":44}},"type":"binary-expr","locations":[{"start":{"line":127,"column":17},"end":{"line":127,"column":30}},{"start":{"line":127,"column":34},"end":{"line":127,"column":44}}]},"18":{"loc":{"start":{"line":128,"column":22},"end":{"line":128,"column":46}},"type":"binary-expr","locations":[{"start":{"line":128,"column":22},"end":{"line":128,"column":41}},{"start":{"line":128,"column":45},"end":{"line":128,"column":46}}]},"19":{"loc":{"start":{"line":129,"column":22},"end":{"line":129,"column":46}},"type":"binary-expr","locations":[{"start":{"line":129,"column":22},"end":{"line":129,"column":41}},{"start":{"line":129,"column":45},"end":{"line":129,"column":46}}]},"20":{"loc":{"start":{"line":135,"column":4},"end":{"line":141,"column":5}},"type":"if","locations":[{"start":{"line":135,"column":4},"end":{"line":141,"column":5}}]},"21":{"loc":{"start":{"line":152,"column":13},"end":{"line":152,"column":73}},"type":"cond-expr","locations":[{"start":{"line":152,"column":38},"end":{"line":152,"column":51}},{"start":{"line":152,"column":54},"end":{"line":152,"column":73}}]},"22":{"loc":{"start":{"line":170,"column":4},"end":{"line":172,"column":31}},"type":"binary-expr","locations":[{"start":{"line":170,"column":4},"end":{"line":170,"column":30}},{"start":{"line":171,"column":4},"end":{"line":171,"column":32}},{"start":{"line":172,"column":4},"end":{"line":172,"column":31}}]}},"s":{"0":0,"1":0,"2":0,"3":0,"4":0,"5":0,"6":0,"7":0,"8":0,"9":0,"10":0,"11":0,"12":0,"13":0,"14":0,"15":0,"16":0,"17":0,"18":0,"19":0,"20":0,"21":0,"22":0,"23":0,"24":0,"25":0,"26":0,"27":0,"28":0,"29":0,"30":0,"31":0,"32":0,"33":0,"34":0,"35":0,"36":0,"37":0,"38":0,"39":0,"40":0,"41":0,"42":0,"43":0,"44":0,"45":0,"46":0,"47":0},"f":{"0":0,"1":0,"2":0,"3":0,"4":0,"5":0,"6":0},"b":{"0":[0],"1":[0,0],"2":[0,0],"3":[0],"4":[0,0],"5":[0],"6":[0,0],"7":[0],"8":[0,0],"9":[0,0],"10":[0,0],"11":[0,0],"12":[0,0],"13":[0,0],"14":[0],"15":[0],"16":[0,0],"17":[0,0],"18":[0,0],"19":[0,0],"20":[0],"21":[0,0],"22":[0,0,0]}}
,"/home/admin/.openclaw/workspace-telecom/memory-migrator/src/lib/guide/navigation.ts": {"path":"/home/admin/.openclaw/workspace-telecom/memory-migrator/src/lib/guide/navigation.ts","statementMap":{"0":{"start":{"line":31,"column":0},"end":{"line":31,"column":16}},"1":{"start":{"line":42,"column":0},"end":{"line":42,"column":16}},"2":{"start":{"line":63,"column":0},"end":{"line":63,"column":16}},"3":{"start":{"line":118,"column":0},"end":{"line":118,"column":16}},"4":{"start":{"line":21,"column":13},"end":{"line":26,"column":2}},"5":{"start":{"line":32,"column":2},"end":{"line":36,"column":6}},"6":{"start":{"line":32,"column":32},"end":{"line":36,"column":4}},"7":{"start":{"line":43,"column":2},"end":{"line":45,"column":3}},"8":{"start":{"line":44,"column":4},"end":{"line":44,"column":31}},"9":{"start":{"line":46,"column":2},"end":{"line":46,"column":38}},"10":{"start":{"line":52,"column":13},"end":{"line":58,"column":2}},"11":{"start":{"line":64,"column":2},"end":{"line":64,"column":24}},"12":{"start":{"line":70,"column":13},"end":{"line":113,"column":2}},"13":{"start":{"line":119,"column":2},"end":{"line":119,"column":28}}},"fnMap":{"0":{"name":"getNavigationWithActive","decl":{"start":{"line":31,"column":16},"end":{"line":31,"column":39}},"loc":{"start":{"line":31,"column":59},"end":{"line":37,"column":1}}},"1":{"name":"(anonymous_1)","decl":{"start":{"line":32,"column":23},"end":{"line":32,"column":27}},"loc":{"start":{"line":32,"column":32},"end":{"line":36,"column":4}}},"2":{"name":"isActive","decl":{"start":{"line":42,"column":16},"end":{"line":42,"column":24}},"loc":{"start":{"line":42,"column":58},"end":{"line":47,"column":1}}},"3":{"name":"getGuideSections","decl":{"start":{"line":63,"column":16},"end":{"line":63,"column":32}},"loc":{"start":{"line":63,"column":32},"end":{"line":65,"column":1}}},"4":{"name":"getPlatformTutorials","decl":{"start":{"line":118,"column":16},"end":{"line":118,"column":36}},"loc":{"start":{"line":118,"column":36},"end":{"line":120,"column":1}}}},"branchMap":{"0":{"loc":{"start":{"line":34,"column":12},"end":{"line":35,"column":69}},"type":"binary-expr","locations":[{"start":{"line":34,"column":12},"end":{"line":34,"column":37}},{"start":{"line":35,"column":14},"end":{"line":35,"column":47}},{"start":{"line":35,"column":51},"end":{"line":35,"column":68}}]},"1":{"loc":{"start":{"line":43,"column":2},"end":{"line":45,"column":3}},"type":"if","locations":[{"start":{"line":43,"column":2},"end":{"line":45,"column":3}}]}},"s":{"0":0,"1":0,"2":0,"3":0,"4":0,"5":0,"6":0,"7":0,"8":0,"9":0,"10":0,"11":0,"12":0,"13":0},"f":{"0":0,"1":0,"2":0,"3":0,"4":0},"b":{"0":[0,0,0],"1":[0]}}
}
