TN:
SF:src/lib/ai-summary.ts
FN:29,buildSummaryPrompt
FN:31,(anonymous_1)
FN:78,generateSummary
FN:116,simulateAISummary
FN:118,(anonymous_4)
FN:119,(anonymous_5)
FN:123,(anonymous_6)
FN:127,(anonymous_7)
FN:131,(anonymous_8)
FN:150,(anonymous_9)
FN:151,(anonymous_10)
FN:155,(anonymous_11)
FN:178,quickSummary
FN:179,(anonymous_13)
FN:180,(anonymous_14)
FN:188,estimateTokens
FN:189,(anonymous_16)
FNF:17
FNH:0
FNDA:0,buildSummaryPrompt
FNDA:0,(anonymous_1)
FNDA:0,generateSummary
FNDA:0,simulateAISummary
FNDA:0,(anonymous_4)
FNDA:0,(anonymous_5)
FNDA:0,(anonymous_6)
FNDA:0,(anonymous_7)
FNDA:0,(anonymous_8)
FNDA:0,(anonymous_9)
FNDA:0,(anonymous_10)
FNDA:0,(anonymous_11)
FNDA:0,quickSummary
FNDA:0,(anonymous_13)
FNDA:0,(anonymous_14)
FNDA:0,estimateTokens
FNDA:0,(anonymous_16)
DA:23,0
DA:24,0
DA:30,0
DA:32,0
DA:33,0
DA:37,0
DA:78,0
DA:81,0
DA:83,0
DA:84,0
DA:88,0
DA:98,0
DA:100,0
DA:105,0
DA:118,0
DA:119,0
DA:122,0
DA:123,0
DA:126,0
DA:127,0
DA:131,0
DA:132,0
DA:134,0
DA:135,0
DA:137,0
DA:138,0
DA:140,0
DA:141,0
DA:144,0
DA:149,0
DA:150,0
DA:151,0
DA:155,0
DA:156,0
DA:161,0
DA:165,0
DA:178,0
DA:179,0
DA:180,0
DA:182,0
DA:188,0
DA:189,0
DA:191,0
LF:43
LH:0
BRDA:32,0,0,0
BRDA:32,0,1,0
BRDA:83,1,0,0
BRDA:83,2,0,0
BRDA:83,2,1,0
BRDA:83,2,2,0
BRDA:107,3,0,0
BRDA:107,3,1,0
BRDA:122,4,0,0
BRDA:122,4,1,0
BRDA:126,5,0,0
BRDA:126,5,1,0
BRDA:134,6,0,0
BRDA:134,7,0,0
BRDA:134,7,1,0
BRDA:137,8,0,0
BRDA:137,9,0,0
BRDA:137,9,1,0
BRDA:140,10,0,0
BRDA:140,11,0,0
BRDA:140,11,1,0
BRDA:144,12,0,0
BRDA:144,12,1,0
BRDA:149,13,0,0
BRDA:149,13,1,0
BRDA:150,14,0,0
BRDA:150,14,1,0
BRDA:156,15,0,0
BRDA:156,15,1,0
BRDA:156,15,2,0
BRDA:161,16,0,0
BRDA:161,16,1,0
BRF:32
BRH:0
end_of_record
TN:
SF:src/lib/chatgpt-parser.ts
FN:30,extractContent
FN:40,parseChatGPTExport
FN:84,(anonymous_2)
FN:107,isChatGPTFormat
FN:120,extractTitle
FN:127,countMessages
FNF:6
FNH:0
FNDA:0,extractContent
FNDA:0,parseChatGPTExport
FNDA:0,(anonymous_2)
FNDA:0,isChatGPTFormat
FNDA:0,extractTitle
FNDA:0,countMessages
DA:31,0
DA:32,0
DA:34,0
DA:40,0
DA:41,0
DA:42,0
DA:43,0
DA:46,0
DA:47,0
DA:50,0
DA:51,0
DA:52,0
DA:53,0
DA:55,0
DA:56,0
DA:58,0
DA:59,0
DA:60,0
DA:61,0
DA:64,0
DA:65,0
DA:66,0
DA:69,0
DA:70,0
DA:72,0
DA:73,0
DA:76,0
DA:84,0
DA:86,0
DA:97,0
DA:107,0
DA:108,0
DA:109,0
DA:111,0
DA:120,0
DA:121,0
DA:127,0
DA:128,0
DA:129,0
DA:132,0
DA:133,0
DA:135,0
DA:136,0
DA:137,0
DA:140,0
LF:45
LH:0
BRDA:31,0,0,0
BRDA:31,1,0,0
BRDA:31,1,1,0
BRDA:31,1,2,0
BRDA:42,2,0,0
BRDA:42,3,0,0
BRDA:42,3,1,0
BRDA:46,4,0,0
BRDA:46,5,0,0
BRDA:46,5,1,0
BRDA:50,6,0,0
BRDA:50,6,1,0
BRDA:51,7,0,0
BRDA:51,7,1,0
BRDA:52,8,0,0
BRDA:52,8,1,0
BRDA:53,9,0,0
BRDA:53,9,1,0
BRDA:60,10,0,0
BRDA:65,11,0,0
BRDA:65,12,0,0
BRDA:65,12,1,0
BRDA:70,13,0,0
BRDA:70,13,1,0
BRDA:72,14,0,0
BRDA:77,15,0,0
BRDA:77,15,1,0
BRDA:99,16,0,0
BRDA:99,16,1,0
BRDA:108,17,0,0
BRDA:108,18,0,0
BRDA:108,18,1,0
BRDA:112,19,0,0
BRDA:112,19,1,0
BRDA:121,20,0,0
BRDA:121,20,1,0
BRDA:128,21,0,0
BRDA:136,22,0,0
BRDA:136,22,1,0
BRDA:137,23,0,0
BRF:40
BRH:0
end_of_record
TN:
SF:src/lib/claude-parser.ts
FN:33,parseClaudeText
FN:96,parseClaudeArray
FN:105,(anonymous_2)
FN:106,(anonymous_3)
FN:135,isClaudeFormat
FN:151,extractClaudeTitle
FN:164,countClaudeMessages
FNF:7
FNH:0
FNDA:0,parseClaudeText
FNDA:0,parseClaudeArray
FNDA:0,(anonymous_2)
FNDA:0,(anonymous_3)
FNDA:0,isClaudeFormat
FNDA:0,extractClaudeTitle
FNDA:0,countClaudeMessages
DA:26,0
DA:27,0
DA:28,0
DA:33,0
DA:34,0
DA:35,0
DA:36,0
DA:40,0
DA:41,0
DA:44,0
DA:45,0
DA:46,0
DA:50,0
DA:51,0
DA:54,0
DA:57,0
DA:58,0
DA:59,0
DA:62,0
DA:63,0
DA:66,0
DA:73,0
DA:74,0
DA:77,0
DA:86,0
DA:96,0
DA:99,0
DA:100,0
DA:101,0
DA:104,0
DA:105,0
DA:106,0
DA:112,0
DA:113,0
DA:116,0
DA:125,0
DA:135,0
DA:136,0
DA:137,0
DA:141,0
DA:142,0
DA:143,0
DA:145,0
DA:151,0
DA:153,0
DA:154,0
DA:155,0
DA:158,0
DA:164,0
DA:165,0
DA:166,0
DA:169,0
DA:170,0
DA:172,0
LF:54
LH:0
BRDA:35,0,0,0
BRDA:35,1,0,0
BRDA:35,1,1,0
BRDA:45,2,0,0
BRDA:58,3,0,0
BRDA:58,3,1,0
BRDA:62,4,0,0
BRDA:73,5,0,0
BRDA:88,6,0,0
BRDA:88,6,1,0
BRDA:100,7,0,0
BRDA:100,8,0,0
BRDA:100,8,1,0
BRDA:100,8,2,0
BRDA:105,9,0,0
BRDA:105,9,1,0
BRDA:108,10,0,0
BRDA:108,10,1,0
BRDA:112,11,0,0
BRDA:127,12,0,0
BRDA:127,12,1,0
BRDA:136,13,0,0
BRDA:136,14,0,0
BRDA:136,14,1,0
BRDA:145,15,0,0
BRDA:145,15,1,0
BRDA:145,15,2,0
BRDA:154,16,0,0
BRDA:165,17,0,0
BRDA:169,18,0,0
BRDA:169,18,1,0
BRDA:170,19,0,0
BRDA:170,19,1,0
BRF:33
BRH:0
end_of_record
TN:
SF:src/lib/export.ts
FN:13,exportAsMarkdown
FN:38,exportAsText
FN:50,generateSkillJSON
FN:71,generateSkillName
FN:82,generateSkillInstructions
FN:103,exportSkill
FN:124,createDownloadBlob
FN:134,triggerDownload
FN:151,copyToClipboard
FN:175,exportAll
FNF:10
FNH:0
FNDA:0,exportAsMarkdown
FNDA:0,exportAsText
FNDA:0,generateSkillJSON
FNDA:0,generateSkillName
FNDA:0,generateSkillInstructions
FNDA:0,exportSkill
FNDA:0,createDownloadBlob
FNDA:0,triggerDownload
FNDA:0,copyToClipboard
FNDA:0,exportAll
DA:8,0
DA:13,0
DA:18,0
DA:21,0
DA:22,0
DA:27,0
DA:29,0
DA:38,0
DA:42,0
DA:50,0
DA:55,0
DA:65,0
DA:72,0
DA:83,0
DA:85,0
DA:86,0
DA:89,0
DA:90,0
DA:93,0
DA:94,0
DA:97,0
DA:103,0
DA:108,0
DA:110,0
DA:111,0
DA:113,0
DA:115,0
DA:124,0
DA:128,0
DA:134,0
DA:138,0
DA:139,0
DA:140,0
DA:141,0
DA:142,0
DA:143,0
DA:144,0
DA:145,0
DA:151,0
DA:152,0
DA:153,0
DA:154,0
DA:155,0
DA:158,0
DA:159,0
DA:160,0
DA:161,0
DA:162,0
DA:163,0
DA:164,0
DA:165,0
DA:166,0
DA:168,0
DA:175,0
DA:182,0
LF:55
LH:0
BRDA:22,0,0,0
BRDA:22,0,1,0
BRDA:27,1,0,0
BRDA:27,1,1,0
BRDA:56,2,0,0
BRDA:56,2,1,0
BRDA:85,3,0,0
BRDA:89,4,0,0
BRDA:93,5,0,0
BRDA:113,6,0,0
BRDA:113,6,1,0
BRDA:153,7,0,0
BRF:12
BRH:0
end_of_record
TN:
SF:src/lib/file-validation.ts
FN:25,validateFileExtension
FN:45,validateFileSize
FN:63,validateFileMimeType
FN:84,validateFile
FN:109,getFileMetadata
FNF:5
FNH:0
FNDA:0,validateFileExtension
FNDA:0,validateFileSize
FNDA:0,validateFileMimeType
FNDA:0,validateFile
FNDA:0,getFileMetadata
DA:18,0
DA:19,0
DA:20,0
DA:25,0
DA:26,0
DA:27,0
DA:30,0
DA:32,0
DA:33,0
DA:39,0
DA:45,0
DA:46,0
DA:47,0
DA:50,0
DA:51,0
DA:57,0
DA:63,0
DA:64,0
DA:65,0
DA:69,0
DA:71,0
DA:72,0
DA:78,0
DA:84,0
DA:86,0
DA:87,0
DA:88,0
DA:92,0
DA:93,0
DA:94,0
DA:98,0
DA:99,0
DA:100,0
DA:103,0
DA:109,0
DA:110,0
LF:36
LH:0
BRDA:26,0,0,0
BRDA:26,1,0,0
BRDA:26,1,1,0
BRDA:32,2,0,0
BRDA:46,3,0,0
BRDA:46,4,0,0
BRDA:46,4,1,0
BRDA:50,5,0,0
BRDA:64,6,0,0
BRDA:64,7,0,0
BRDA:64,7,1,0
BRDA:71,8,0,0
BRDA:87,9,0,0
BRDA:93,10,0,0
BRDA:99,11,0,0
BRDA:112,12,0,0
BRDA:112,12,1,0
BRDA:113,13,0,0
BRDA:113,13,1,0
BRF:19
BRH:0
end_of_record
TN:
SF:src/lib/payment.ts
FN:37,calculateStripeFee
FN:45,calculateNetAmount
FN:53,createPaymentSession
FN:88,verifyPayment
FN:116,createRefund
FN:133,formatPrice
FN:145,isRefundable
FN:154,validateAmount
FNF:8
FNH:0
FNDA:0,calculateStripeFee
FNDA:0,calculateNetAmount
FNDA:0,createPaymentSession
FNDA:0,verifyPayment
FNDA:0,createRefund
FNDA:0,formatPrice
FNDA:0,isRefundable
FNDA:0,validateAmount
DA:27,0
DA:37,0
DA:39,0
DA:45,0
DA:46,0
DA:53,0
DA:56,0
DA:66,0
DA:73,0
DA:78,0
DA:88,0
DA:89,0
DA:94,0
DA:101,0
DA:106,0
DA:116,0
DA:117,0
DA:121,0
DA:123,0
DA:133,0
DA:134,0
DA:139,0
DA:145,0
DA:146,0
DA:147,0
DA:148,0
DA:154,0
DA:155,0
DA:156,0
DA:159,0
DA:160,0
DA:163,0
LF:32
LH:0
BRDA:28,0,0,0
BRDA:28,0,1,0
BRDA:54,1,0,0
BRDA:80,2,0,0
BRDA:80,2,1,0
BRDA:108,3,0,0
BRDA:108,3,1,0
BRDA:125,4,0,0
BRDA:125,4,1,0
BRDA:133,5,0,0
BRDA:155,6,0,0
BRDA:159,7,0,0
BRF:12
BRH:0
end_of_record
TN:
SF:src/lib/preview-edit.ts
FN:16,createEditableSummary
FN:29,updateSummaryField
FN:46,resetSummaryField
FN:60,resetAllFields
FN:71,validateSummary
FN:94,getChanges
FN:123,applyEdits
FN:136,createPreviewText
FNF:8
FNH:0
FNDA:0,createEditableSummary
FNDA:0,updateSummaryField
FNDA:0,resetSummaryField
FNDA:0,resetAllFields
FNDA:0,validateSummary
FNDA:0,getChanges
FNDA:0,applyEdits
FNDA:0,createPreviewText
DA:16,0
DA:19,0
DA:29,0
DA:34,0
DA:40,0
DA:46,0
DA:50,0
DA:60,0
DA:61,0
DA:71,0
DA:74,0
DA:77,0
DA:78,0
DA:81,0
DA:82,0
DA:85,0
DA:94,0
DA:97,0
DA:99,0
DA:107,0
DA:108,0
DA:109,0
DA:117,0
DA:123,0
DA:124,0
DA:136,0
DA:137,0
DA:139,0
DA:140,0
DA:141,0
DA:142,0
DA:143,0
DA:145,0
LF:33
LH:0
BRDA:77,0,0,0
BRDA:81,1,0,0
BRDA:108,2,0,0
BRF:3
BRH:0
end_of_record
TN:
SF:src/lib/prompt-generator.ts
FN:34,generatePrompt
FN:102,generateCompactPrompt
FN:124,generatePromptForUseCase
FN:144,generateContinuationPrompt
FN:166,generateKnowledgePrompt
FN:180,generatePreferencePrompt
FN:194,promptToFile
FNF:7
FNH:0
FNDA:0,generatePrompt
FNDA:0,generateCompactPrompt
FNDA:0,generatePromptForUseCase
FNDA:0,generateContinuationPrompt
FNDA:0,generateKnowledgePrompt
FNDA:0,generatePreferencePrompt
FNDA:0,promptToFile
DA:22,0
DA:34,0
DA:39,0
DA:41,0
DA:44,0
DA:45,0
DA:46,0
DA:47,0
DA:48,0
DA:51,0
DA:52,0
DA:53,0
DA:54,0
DA:58,0
DA:59,0
DA:60,0
DA:61,0
DA:65,0
DA:66,0
DA:67,0
DA:68,0
DA:72,0
DA:73,0
DA:74,0
DA:75,0
DA:79,0
DA:80,0
DA:81,0
DA:82,0
DA:86,0
DA:87,0
DA:88,0
DA:89,0
DA:93,0
DA:94,0
DA:96,0
DA:102,0
DA:105,0
DA:124,0
DA:129,0
DA:131,0
DA:133,0
DA:135,0
DA:137,0
DA:148,0
DA:167,0
DA:181,0
DA:194,0
DA:199,0
DA:201,0
DA:203,0
DA:209,0
LF:52
LH:0
BRDA:37,0,0,0
BRDA:44,1,0,0
BRDA:44,1,1,0
BRDA:51,2,0,0
BRDA:51,3,0,0
BRDA:51,3,1,0
BRDA:58,4,0,0
BRDA:58,5,0,0
BRDA:58,5,1,0
BRDA:65,6,0,0
BRDA:65,7,0,0
BRDA:65,7,1,0
BRDA:72,8,0,0
BRDA:72,9,0,0
BRDA:72,9,1,0
BRDA:79,10,0,0
BRDA:79,11,0,0
BRDA:79,11,1,0
BRDA:86,12,0,0
BRDA:129,13,0,0
BRDA:129,13,1,0
BRDA:129,13,2,0
BRDA:129,13,3,0
BRDA:197,14,0,0
BRDA:201,15,0,0
BRF:25
BRH:0
end_of_record
TN:
SF:src/lib/ui-pages.ts
FN:70,getPricingDisplay
FN:77,getPricingFeatures
FN:84,getHomepageCTA
FN:91,getValueProposition
FN:101,getPageTitle
FN:114,getNavItems
FN:116,(anonymous_6)
FN:125,getChatGPTTutorial
FN:149,getClaudeTutorial
FN:171,getGeminiTutorial
FN:199,getAllTutorials
FN:210,getFAQ
FN:230,getHomeFeatures
FN:246,getUploadText
FN:306,getUploadStateText
FN:343,getErrorMessage
FN:353,getSuccessMessage
FNF:17
FNH:0
FNDA:0,getPricingDisplay
FNDA:0,getPricingFeatures
FNDA:0,getHomepageCTA
FNDA:0,getValueProposition
FNDA:0,getPageTitle
FNDA:0,getNavItems
FNDA:0,(anonymous_6)
FNDA:0,getChatGPTTutorial
FNDA:0,getClaudeTutorial
FNDA:0,getGeminiTutorial
FNDA:0,getAllTutorials
FNDA:0,getFAQ
FNDA:0,getHomeFeatures
FNDA:0,getUploadText
FNDA:0,getUploadStateText
FNDA:0,getErrorMessage
FNDA:0,getSuccessMessage
DA:31,0
DA:48,0
DA:70,0
DA:71,0
DA:77,0
DA:78,0
DA:84,0
DA:85,0
DA:91,0
DA:92,0
DA:93,0
DA:95,0
DA:101,0
DA:102,0
DA:103,0
DA:105,0
DA:106,0
DA:108,0
DA:114,0
DA:115,0
DA:116,0
DA:125,0
DA:126,0
DA:127,0
DA:136,0
DA:149,0
DA:150,0
DA:151,0
DA:159,0
DA:171,0
DA:172,0
DA:173,0
DA:184,0
DA:199,0
DA:200,0
DA:210,0
DA:211,0
DA:212,0
DA:219,0
DA:230,0
DA:231,0
DA:232,0
DA:240,0
DA:246,0
DA:247,0
DA:248,0
DA:255,0
DA:272,0
DA:287,0
DA:295,0
DA:306,0
DA:307,0
DA:313,0
DA:329,0
DA:343,0
DA:344,0
DA:345,0
DA:347,0
DA:353,0
DA:354,0
DA:355,0
DA:357,0
LF:62
LH:0
BRDA:50,0,0,0
BRDA:50,0,1,0
BRDA:70,1,0,0
BRDA:77,2,0,0
BRDA:78,3,0,0
BRDA:78,3,1,0
BRDA:84,4,0,0
BRDA:85,5,0,0
BRDA:85,5,1,0
BRDA:91,6,0,0
BRDA:92,7,0,0
BRDA:101,8,0,0
BRDA:103,9,0,0
BRDA:105,10,0,0
BRDA:105,11,0,0
BRDA:105,11,1,0
BRDA:114,12,0,0
BRDA:118,13,0,0
BRDA:118,13,1,0
BRDA:118,14,0,0
BRDA:118,14,1,0
BRDA:125,15,0,0
BRDA:126,16,0,0
BRDA:149,17,0,0
BRDA:150,18,0,0
BRDA:171,19,0,0
BRDA:172,20,0,0
BRDA:199,21,0,0
BRDA:210,22,0,0
BRDA:211,23,0,0
BRDA:230,24,0,0
BRDA:231,25,0,0
BRDA:246,26,0,0
BRDA:247,27,0,0
BRDA:306,28,0,0
BRDA:307,29,0,0
BRDA:307,29,1,0
BRDA:343,30,0,0
BRDA:344,31,0,0
BRDA:344,32,0,0
BRDA:344,32,1,0
BRDA:353,33,0,0
BRDA:354,34,0,0
BRDA:354,35,0,0
BRDA:354,35,1,0
BRF:45
BRH:0
end_of_record
TN:
SF:src/lib/bookmarklet/bookmarklet-gen.ts
FN:14,createCoreScript
FN:116,generateBookmarklet
FN:124,generatePlatformBookmarklet
FN:133,generateBookmarkletHref
FN:141,createBookmarkletLink
FN:156,generateAllPlatformBookmarklets
FN:159,(anonymous_6)
FN:169,createBookmarkletHTML
FN:188,minifyScript
FNF:9
FNH:0
FNDA:0,createCoreScript
FNDA:0,generateBookmarklet
FNDA:0,generatePlatformBookmarklet
FNDA:0,generateBookmarkletHref
FNDA:0,createBookmarkletLink
FNDA:0,generateAllPlatformBookmarklets
FNDA:0,(anonymous_6)
FNDA:0,createBookmarkletHTML
FNDA:0,minifyScript
DA:15,0
DA:116,0
DA:117,0
DA:118,0
DA:124,0
DA:127,0
DA:133,0
DA:134,0
DA:135,0
DA:141,0
DA:146,0
DA:156,0
DA:157,0
DA:159,0
DA:169,0
DA:170,0
DA:172,0
DA:173,0
DA:174,0
DA:176,0
DA:177,0
DA:180,0
DA:182,0
DA:188,0
DA:189,0
LF:25
LH:0
BRDA:133,0,0,0
BRDA:148,1,0,0
BRDA:148,1,1,0
BRF:3
BRH:0
end_of_record
TN:
SF:src/lib/bookmarklet/formatter.ts
FN:29,convertSession
FN:47,(anonymous_1)
FN:48,(anonymous_2)
FN:59,formatToUnified
FN:84,toJSON
FN:91,createDownloadBlob
FN:99,generateFilename
FN:107,validateOutput
FN:140,getStatistics
FNF:9
FNH:0
FNDA:0,convertSession
FNDA:0,(anonymous_1)
FNDA:0,(anonymous_2)
FNDA:0,formatToUnified
FNDA:0,toJSON
FNDA:0,createDownloadBlob
FNDA:0,generateFilename
FNDA:0,validateOutput
FNDA:0,getStatistics
DA:43,0
DA:47,0
DA:48,0
DA:59,0
DA:74,0
DA:84,0
DA:85,0
DA:91,0
DA:92,0
DA:93,0
DA:99,0
DA:100,0
DA:101,0
DA:107,0
DA:108,0
DA:110,0
DA:111,0
DA:114,0
DA:115,0
DA:118,0
DA:119,0
DA:121,0
DA:122,0
DA:123,0
DA:124,0
DA:125,0
DA:126,0
DA:131,0
DA:140,0
DA:146,0
DA:147,0
DA:149,0
DA:150,0
DA:151,0
DA:152,0
DA:156,0
LF:36
LH:0
BRDA:45,0,0,0
BRDA:45,0,1,0
BRDA:47,1,0,0
BRDA:47,1,1,0
BRDA:51,2,0,0
BRDA:51,2,1,0
BRDA:110,3,0,0
BRDA:114,4,0,0
BRDA:118,5,0,0
BRDA:118,5,1,0
BRDA:123,6,0,0
BRDA:124,7,0,0
BRDA:125,8,0,0
BRDA:151,9,0,0
BRDA:151,9,1,0
BRDA:152,10,0,0
BRF:16
BRH:0
end_of_record
TN:
SF:src/lib/bookmarklet/platform-detector.ts
FN:79,detectPlatform
FN:96,detectPlatformFromURL
FN:108,getPlatformInfo
FN:115,getStorageKeys
FN:122,isSupportedPlatform
FN:129,getSupportedPlatforms
FN:136,getPlatformName
FNF:7
FNH:0
FNDA:0,detectPlatform
FNDA:0,detectPlatformFromURL
FNDA:0,getPlatformInfo
FNDA:0,getStorageKeys
FNDA:0,isSupportedPlatform
FNDA:0,getSupportedPlatforms
FNDA:0,getPlatformName
DA:18,0
DA:66,0
DA:79,0
DA:80,0
DA:81,0
DA:84,0
DA:85,0
DA:86,0
DA:90,0
DA:96,0
DA:97,0
DA:98,0
DA:99,0
DA:101,0
DA:108,0
DA:109,0
DA:115,0
DA:116,0
DA:122,0
DA:123,0
DA:129,0
DA:130,0
DA:136,0
DA:137,0
LF:24
LH:0
BRDA:80,0,0,0
BRDA:85,1,0,0
BRDA:109,2,0,0
BRDA:109,2,1,0
BRF:4
BRH:0
end_of_record
TN:
SF:src/lib/bookmarklet/extractors/chatgpt.ts
FN:33,extractContent
FN:43,parseSession
FN:73,(anonymous_2)
FN:88,extractChatGPT
FN:160,getChatGPTStorageKeys
FN:167,isChatGPTFormat
FN:169,(anonymous_6)
FNF:7
FNH:0
FNDA:0,extractContent
FNDA:0,parseSession
FNDA:0,(anonymous_2)
FNDA:0,extractChatGPT
FNDA:0,getChatGPTStorageKeys
FNDA:0,isChatGPTFormat
FNDA:0,(anonymous_6)
DA:34,0
DA:35,0
DA:37,0
DA:44,0
DA:45,0
DA:47,0
DA:48,0
DA:50,0
DA:51,0
DA:54,0
DA:55,0
DA:56,0
DA:59,0
DA:60,0
DA:61,0
DA:64,0
DA:73,0
DA:75,0
DA:88,0
DA:89,0
DA:91,0
DA:93,0
DA:94,0
DA:95,0
DA:96,0
DA:103,0
DA:104,0
DA:106,0
DA:107,0
DA:108,0
DA:115,0
DA:117,0
DA:118,0
DA:119,0
DA:121,0
DA:122,0
DA:125,0
DA:135,0
DA:136,0
DA:143,0
DA:149,0
DA:160,0
DA:161,0
DA:167,0
DA:168,0
DA:169,0
DA:170,0
LF:47
LH:0
BRDA:34,0,0,0
BRDA:34,1,0,0
BRDA:34,1,1,0
BRDA:45,2,0,0
BRDA:45,2,1,0
BRDA:50,3,0,0
BRDA:50,4,0,0
BRDA:50,4,1,0
BRDA:55,5,0,0
BRDA:55,6,0,0
BRDA:55,6,1,0
BRDA:60,7,0,0
BRDA:65,8,0,0
BRDA:65,8,1,0
BRDA:68,9,0,0
BRDA:68,9,1,0
BRDA:77,10,0,0
BRDA:77,10,1,0
BRDA:78,11,0,0
BRDA:78,11,1,0
BRDA:79,12,0,0
BRDA:79,12,1,0
BRDA:93,13,0,0
BRDA:93,13,1,0
BRDA:94,14,0,0
BRDA:106,15,0,0
BRDA:121,16,0,0
BRDA:121,16,1,0
BRDA:127,17,0,0
BRDA:127,17,1,0
BRDA:128,18,0,0
BRDA:128,18,1,0
BRDA:129,19,0,0
BRDA:129,19,1,0
BRDA:135,20,0,0
BRDA:152,21,0,0
BRDA:152,21,1,0
BRDA:170,22,0,0
BRDA:170,22,1,0
BRDA:170,22,2,0
BRF:40
BRH:0
end_of_record
TN:
SF:src/lib/guide/navigation.ts
FN:31,getNavigationWithActive
FN:32,(anonymous_1)
FN:42,isActive
FN:63,getGuideSections
FN:118,getPlatformTutorials
FNF:5
FNH:0
FNDA:0,getNavigationWithActive
FNDA:0,(anonymous_1)
FNDA:0,isActive
FNDA:0,getGuideSections
FNDA:0,getPlatformTutorials
DA:21,0
DA:31,0
DA:32,0
DA:42,0
DA:43,0
DA:44,0
DA:46,0
DA:52,0
DA:63,0
DA:64,0
DA:70,0
DA:118,0
DA:119,0
LF:13
LH:0
BRDA:34,0,0,0
BRDA:34,0,1,0
BRDA:34,0,2,0
BRDA:43,1,0,0
BRF:4
BRH:0
end_of_record
